2023-07-27 16:01:00.002 [restartedMain] ERROR [,] org.springframework.boot.SpringApplication - Application run failed
java.lang.IllegalStateException: java.lang.IllegalStateException: Logback configuration error detected: 
ERROR in ch.qos.logback.core.joran.action.AppenderRefAction - Could not find an appender named [CONSOLE]. Did you define it below instead of above in the configuration file?
ERROR in ch.qos.logback.core.joran.action.AppenderRefAction - See http://logback.qos.ch/codes.html#appender_order for more details.
ERROR in ch.qos.logback.core.joran.action.AppenderRefAction - Could not find an appender named [CONSOLE]. Did you define it below instead of above in the configuration file?
ERROR in ch.qos.logback.core.joran.action.AppenderRefAction - See http://logback.qos.ch/codes.html#appender_order for more details.
	at org.springframework.boot.context.logging.LoggingApplicationListener.initializeSystem(LoggingApplicationListener.java:321)
	at org.springframework.boot.context.logging.LoggingApplicationListener.initialize(LoggingApplicationListener.java:281)
	at org.springframework.boot.context.logging.LoggingApplicationListener.onApplicationEnvironmentPreparedEvent(LoggingApplicationListener.java:239)
	at org.springframework.boot.context.logging.LoggingApplicationListener.onApplicationEvent(LoggingApplicationListener.java:216)
	at org.springframework.context.event.SimpleApplicationEventMulticaster.doInvokeListener(SimpleApplicationEventMulticaster.java:172)
	at org.springframework.context.event.SimpleApplicationEventMulticaster.invokeListener(SimpleApplicationEventMulticaster.java:165)
	at org.springframework.context.event.SimpleApplicationEventMulticaster.multicastEvent(SimpleApplicationEventMulticaster.java:139)
	at org.springframework.context.event.SimpleApplicationEventMulticaster.multicastEvent(SimpleApplicationEventMulticaster.java:127)
	at org.springframework.boot.context.event.EventPublishingRunListener.environmentPrepared(EventPublishingRunListener.java:80)
	at org.springframework.boot.SpringApplicationRunListeners.environmentPrepared(SpringApplicationRunListeners.java:53)
	at org.springframework.boot.SpringApplication.prepareEnvironment(SpringApplication.java:345)
	at org.springframework.boot.SpringApplication.run(SpringApplication.java:308)
	at org.springframework.boot.SpringApplication.run(SpringApplication.java:1237)
	at org.springframework.boot.SpringApplication.run(SpringApplication.java:1226)
	at com.benewake.saleordersystem.SaleOrderSystemApplication.main(SaleOrderSystemApplication.java:17)
	at sun.reflect.NativeMethodAccessorImpl.invoke0(Native Method)
	at sun.reflect.NativeMethodAccessorImpl.invoke(NativeMethodAccessorImpl.java:62)
	at sun.reflect.DelegatingMethodAccessorImpl.invoke(DelegatingMethodAccessorImpl.java:43)
	at java.lang.reflect.Method.invoke(Method.java:498)
	at org.springframework.boot.devtools.restart.RestartLauncher.run(RestartLauncher.java:49)
Caused by: java.lang.IllegalStateException: Logback configuration error detected: 
ERROR in ch.qos.logback.core.joran.action.AppenderRefAction - Could not find an appender named [CONSOLE]. Did you define it below instead of above in the configuration file?
ERROR in ch.qos.logback.core.joran.action.AppenderRefAction - See http://logback.qos.ch/codes.html#appender_order for more details.
ERROR in ch.qos.logback.core.joran.action.AppenderRefAction - Could not find an appender named [CONSOLE]. Did you define it below instead of above in the configuration file?
ERROR in ch.qos.logback.core.joran.action.AppenderRefAction - See http://logback.qos.ch/codes.html#appender_order for more details.
	at org.springframework.boot.logging.logback.LogbackLoggingSystem.loadConfiguration(LogbackLoggingSystem.java:169)
	at org.springframework.boot.logging.AbstractLoggingSystem.initializeWithSpecificConfig(AbstractLoggingSystem.java:66)
	at org.springframework.boot.logging.AbstractLoggingSystem.initialize(AbstractLoggingSystem.java:57)
	at org.springframework.boot.logging.logback.LogbackLoggingSystem.initialize(LogbackLoggingSystem.java:118)
	at org.springframework.boot.context.logging.LoggingApplicationListener.initializeSystem(LoggingApplicationListener.java:310)
	... 19 common frames omitted
2023-07-27 16:15:32.463 [http-nio-8080-exec-3] ERROR [,] c.b.s.controller.advice.ExceptionAdvice - 服务器发生异常：JSON parse error: Unexpected character ('}' (code 125)): was expecting double-quote to start field name; nested exception is com.fasterxml.jackson.core.JsonParseException: Unexpected character ('}' (code 125)): was expecting double-quote to start field name
 at [Source: (PushbackInputStream); line: 6, column: 2]
2023-07-27 16:15:32.464 [http-nio-8080-exec-3] ERROR [,] c.b.s.controller.advice.ExceptionAdvice - org.springframework.http.converter.json.AbstractJackson2HttpMessageConverter.readJavaType(AbstractJackson2HttpMessageConverter.java:285)
2023-07-27 16:15:32.464 [http-nio-8080-exec-3] ERROR [,] c.b.s.controller.advice.ExceptionAdvice - org.springframework.http.converter.json.AbstractJackson2HttpMessageConverter.read(AbstractJackson2HttpMessageConverter.java:243)
2023-07-27 16:15:32.464 [http-nio-8080-exec-3] ERROR [,] c.b.s.controller.advice.ExceptionAdvice - org.springframework.web.servlet.mvc.method.annotation.AbstractMessageConverterMethodArgumentResolver.readWithMessageConverters(AbstractMessageConverterMethodArgumentResolver.java:205)
2023-07-27 16:15:32.464 [http-nio-8080-exec-3] ERROR [,] c.b.s.controller.advice.ExceptionAdvice - org.springframework.web.servlet.mvc.method.annotation.RequestResponseBodyMethodProcessor.readWithMessageConverters(RequestResponseBodyMethodProcessor.java:158)
2023-07-27 16:15:32.464 [http-nio-8080-exec-3] ERROR [,] c.b.s.controller.advice.ExceptionAdvice - org.springframework.web.servlet.mvc.method.annotation.RequestResponseBodyMethodProcessor.resolveArgument(RequestResponseBodyMethodProcessor.java:131)
2023-07-27 16:15:32.464 [http-nio-8080-exec-3] ERROR [,] c.b.s.controller.advice.ExceptionAdvice - org.springframework.web.method.support.HandlerMethodArgumentResolverComposite.resolveArgument(HandlerMethodArgumentResolverComposite.java:121)
2023-07-27 16:15:32.464 [http-nio-8080-exec-3] ERROR [,] c.b.s.controller.advice.ExceptionAdvice - org.springframework.web.method.support.InvocableHandlerMethod.getMethodArgumentValues(InvocableHandlerMethod.java:167)
2023-07-27 16:15:32.464 [http-nio-8080-exec-3] ERROR [,] c.b.s.controller.advice.ExceptionAdvice - org.springframework.web.method.support.InvocableHandlerMethod.invokeForRequest(InvocableHandlerMethod.java:134)
2023-07-27 16:15:32.464 [http-nio-8080-exec-3] ERROR [,] c.b.s.controller.advice.ExceptionAdvice - org.springframework.web.servlet.mvc.method.annotation.ServletInvocableHandlerMethod.invokeAndHandle(ServletInvocableHandlerMethod.java:105)
2023-07-27 16:15:32.464 [http-nio-8080-exec-3] ERROR [,] c.b.s.controller.advice.ExceptionAdvice - org.springframework.web.servlet.mvc.method.annotation.RequestMappingHandlerAdapter.invokeHandlerMethod(RequestMappingHandlerAdapter.java:878)
2023-07-27 16:15:32.464 [http-nio-8080-exec-3] ERROR [,] c.b.s.controller.advice.ExceptionAdvice - org.springframework.web.servlet.mvc.method.annotation.RequestMappingHandlerAdapter.handleInternal(RequestMappingHandlerAdapter.java:792)
2023-07-27 16:15:32.464 [http-nio-8080-exec-3] ERROR [,] c.b.s.controller.advice.ExceptionAdvice - org.springframework.web.servlet.mvc.method.AbstractHandlerMethodAdapter.handle(AbstractHandlerMethodAdapter.java:87)
2023-07-27 16:15:32.464 [http-nio-8080-exec-3] ERROR [,] c.b.s.controller.advice.ExceptionAdvice - org.springframework.web.servlet.DispatcherServlet.doDispatch(DispatcherServlet.java:1040)
2023-07-27 16:15:32.464 [http-nio-8080-exec-3] ERROR [,] c.b.s.controller.advice.ExceptionAdvice - org.springframework.web.servlet.DispatcherServlet.doService(DispatcherServlet.java:943)
2023-07-27 16:15:32.464 [http-nio-8080-exec-3] ERROR [,] c.b.s.controller.advice.ExceptionAdvice - org.springframework.web.servlet.FrameworkServlet.processRequest(FrameworkServlet.java:1006)
2023-07-27 16:15:32.464 [http-nio-8080-exec-3] ERROR [,] c.b.s.controller.advice.ExceptionAdvice - org.springframework.web.servlet.FrameworkServlet.doPost(FrameworkServlet.java:909)
2023-07-27 16:15:32.464 [http-nio-8080-exec-3] ERROR [,] c.b.s.controller.advice.ExceptionAdvice - javax.servlet.http.HttpServlet.service(HttpServlet.java:652)
2023-07-27 16:15:32.465 [http-nio-8080-exec-3] ERROR [,] c.b.s.controller.advice.ExceptionAdvice - org.springframework.web.servlet.FrameworkServlet.service(FrameworkServlet.java:883)
2023-07-27 16:15:32.465 [http-nio-8080-exec-3] ERROR [,] c.b.s.controller.advice.ExceptionAdvice - javax.servlet.http.HttpServlet.service(HttpServlet.java:733)
2023-07-27 16:15:32.465 [http-nio-8080-exec-3] ERROR [,] c.b.s.controller.advice.ExceptionAdvice - org.apache.catalina.core.ApplicationFilterChain.internalDoFilter(ApplicationFilterChain.java:231)
2023-07-27 16:15:32.465 [http-nio-8080-exec-3] ERROR [,] c.b.s.controller.advice.ExceptionAdvice - org.apache.catalina.core.ApplicationFilterChain.doFilter(ApplicationFilterChain.java:166)
2023-07-27 16:15:32.465 [http-nio-8080-exec-3] ERROR [,] c.b.s.controller.advice.ExceptionAdvice - org.apache.tomcat.websocket.server.WsFilter.doFilter(WsFilter.java:53)
2023-07-27 16:15:32.465 [http-nio-8080-exec-3] ERROR [,] c.b.s.controller.advice.ExceptionAdvice - org.apache.catalina.core.ApplicationFilterChain.internalDoFilter(ApplicationFilterChain.java:193)
2023-07-27 16:15:32.465 [http-nio-8080-exec-3] ERROR [,] c.b.s.controller.advice.ExceptionAdvice - org.apache.catalina.core.ApplicationFilterChain.doFilter(ApplicationFilterChain.java:166)
2023-07-27 16:15:32.465 [http-nio-8080-exec-3] ERROR [,] c.b.s.controller.advice.ExceptionAdvice - org.springframework.web.filter.RequestContextFilter.doFilterInternal(RequestContextFilter.java:100)
2023-07-27 16:15:32.465 [http-nio-8080-exec-3] ERROR [,] c.b.s.controller.advice.ExceptionAdvice - org.springframework.web.filter.OncePerRequestFilter.doFilter(OncePerRequestFilter.java:119)
2023-07-27 16:15:32.465 [http-nio-8080-exec-3] ERROR [,] c.b.s.controller.advice.ExceptionAdvice - org.apache.catalina.core.ApplicationFilterChain.internalDoFilter(ApplicationFilterChain.java:193)
2023-07-27 16:15:32.465 [http-nio-8080-exec-3] ERROR [,] c.b.s.controller.advice.ExceptionAdvice - org.apache.catalina.core.ApplicationFilterChain.doFilter(ApplicationFilterChain.java:166)
2023-07-27 16:15:32.465 [http-nio-8080-exec-3] ERROR [,] c.b.s.controller.advice.ExceptionAdvice - org.springframework.web.filter.FormContentFilter.doFilterInternal(FormContentFilter.java:93)
2023-07-27 16:15:32.465 [http-nio-8080-exec-3] ERROR [,] c.b.s.controller.advice.ExceptionAdvice - org.springframework.web.filter.OncePerRequestFilter.doFilter(OncePerRequestFilter.java:119)
2023-07-27 16:15:32.465 [http-nio-8080-exec-3] ERROR [,] c.b.s.controller.advice.ExceptionAdvice - org.apache.catalina.core.ApplicationFilterChain.internalDoFilter(ApplicationFilterChain.java:193)
2023-07-27 16:15:32.465 [http-nio-8080-exec-3] ERROR [,] c.b.s.controller.advice.ExceptionAdvice - org.apache.catalina.core.ApplicationFilterChain.doFilter(ApplicationFilterChain.java:166)
2023-07-27 16:15:32.465 [http-nio-8080-exec-3] ERROR [,] c.b.s.controller.advice.ExceptionAdvice - org.springframework.web.filter.CharacterEncodingFilter.doFilterInternal(CharacterEncodingFilter.java:201)
2023-07-27 16:15:32.465 [http-nio-8080-exec-3] ERROR [,] c.b.s.controller.advice.ExceptionAdvice - org.springframework.web.filter.OncePerRequestFilter.doFilter(OncePerRequestFilter.java:119)
2023-07-27 16:15:32.465 [http-nio-8080-exec-3] ERROR [,] c.b.s.controller.advice.ExceptionAdvice - org.apache.catalina.core.ApplicationFilterChain.internalDoFilter(ApplicationFilterChain.java:193)
2023-07-27 16:15:32.465 [http-nio-8080-exec-3] ERROR [,] c.b.s.controller.advice.ExceptionAdvice - org.apache.catalina.core.ApplicationFilterChain.doFilter(ApplicationFilterChain.java:166)
2023-07-27 16:15:32.465 [http-nio-8080-exec-3] ERROR [,] c.b.s.controller.advice.ExceptionAdvice - org.apache.catalina.core.StandardWrapperValve.invoke(StandardWrapperValve.java:202)
2023-07-27 16:15:32.465 [http-nio-8080-exec-3] ERROR [,] c.b.s.controller.advice.ExceptionAdvice - org.apache.catalina.core.StandardContextValve.invoke(StandardContextValve.java:97)
2023-07-27 16:15:32.465 [http-nio-8080-exec-3] ERROR [,] c.b.s.controller.advice.ExceptionAdvice - org.apache.catalina.authenticator.AuthenticatorBase.invoke(AuthenticatorBase.java:542)
2023-07-27 16:15:32.466 [http-nio-8080-exec-3] ERROR [,] c.b.s.controller.advice.ExceptionAdvice - org.apache.catalina.core.StandardHostValve.invoke(StandardHostValve.java:143)
2023-07-27 16:15:32.466 [http-nio-8080-exec-3] ERROR [,] c.b.s.controller.advice.ExceptionAdvice - org.apache.catalina.valves.ErrorReportValve.invoke(ErrorReportValve.java:92)
2023-07-27 16:15:32.466 [http-nio-8080-exec-3] ERROR [,] c.b.s.controller.advice.ExceptionAdvice - org.apache.catalina.core.StandardEngineValve.invoke(StandardEngineValve.java:78)
2023-07-27 16:15:32.466 [http-nio-8080-exec-3] ERROR [,] c.b.s.controller.advice.ExceptionAdvice - org.apache.catalina.connector.CoyoteAdapter.service(CoyoteAdapter.java:343)
2023-07-27 16:15:32.466 [http-nio-8080-exec-3] ERROR [,] c.b.s.controller.advice.ExceptionAdvice - org.apache.coyote.http11.Http11Processor.service(Http11Processor.java:374)
2023-07-27 16:15:32.466 [http-nio-8080-exec-3] ERROR [,] c.b.s.controller.advice.ExceptionAdvice - org.apache.coyote.AbstractProcessorLight.process(AbstractProcessorLight.java:65)
2023-07-27 16:15:32.466 [http-nio-8080-exec-3] ERROR [,] c.b.s.controller.advice.ExceptionAdvice - org.apache.coyote.AbstractProtocol$ConnectionHandler.process(AbstractProtocol.java:888)
2023-07-27 16:15:32.466 [http-nio-8080-exec-3] ERROR [,] c.b.s.controller.advice.ExceptionAdvice - org.apache.tomcat.util.net.NioEndpoint$SocketProcessor.doRun(NioEndpoint.java:1597)
2023-07-27 16:15:32.466 [http-nio-8080-exec-3] ERROR [,] c.b.s.controller.advice.ExceptionAdvice - org.apache.tomcat.util.net.SocketProcessorBase.run(SocketProcessorBase.java:49)
2023-07-27 16:15:32.466 [http-nio-8080-exec-3] ERROR [,] c.b.s.controller.advice.ExceptionAdvice - java.util.concurrent.ThreadPoolExecutor.runWorker(ThreadPoolExecutor.java:1149)
2023-07-27 16:15:32.466 [http-nio-8080-exec-3] ERROR [,] c.b.s.controller.advice.ExceptionAdvice - java.util.concurrent.ThreadPoolExecutor$Worker.run(ThreadPoolExecutor.java:624)
2023-07-27 16:15:32.466 [http-nio-8080-exec-3] ERROR [,] c.b.s.controller.advice.ExceptionAdvice - org.apache.tomcat.util.threads.TaskThread$WrappingRunnable.run(TaskThread.java:61)
2023-07-27 16:15:32.466 [http-nio-8080-exec-3] ERROR [,] c.b.s.controller.advice.ExceptionAdvice - java.lang.Thread.run(Thread.java:750)
2023-07-27 16:16:11.441 [http-nio-8080-exec-7] ERROR [,] c.b.s.controller.advice.ExceptionAdvice - 服务器发生异常：JSON parse error: Unexpected character ('}' (code 125)): was expecting double-quote to start field name; nested exception is com.fasterxml.jackson.core.JsonParseException: Unexpected character ('}' (code 125)): was expecting double-quote to start field name
 at [Source: (PushbackInputStream); line: 10, column: 2]
2023-07-27 16:16:11.441 [http-nio-8080-exec-7] ERROR [,] c.b.s.controller.advice.ExceptionAdvice - org.springframework.http.converter.json.AbstractJackson2HttpMessageConverter.readJavaType(AbstractJackson2HttpMessageConverter.java:285)
2023-07-27 16:16:11.441 [http-nio-8080-exec-7] ERROR [,] c.b.s.controller.advice.ExceptionAdvice - org.springframework.http.converter.json.AbstractJackson2HttpMessageConverter.read(AbstractJackson2HttpMessageConverter.java:243)
2023-07-27 16:16:11.441 [http-nio-8080-exec-7] ERROR [,] c.b.s.controller.advice.ExceptionAdvice - org.springframework.web.servlet.mvc.method.annotation.AbstractMessageConverterMethodArgumentResolver.readWithMessageConverters(AbstractMessageConverterMethodArgumentResolver.java:205)
2023-07-27 16:16:11.442 [http-nio-8080-exec-7] ERROR [,] c.b.s.controller.advice.ExceptionAdvice - org.springframework.web.servlet.mvc.method.annotation.RequestResponseBodyMethodProcessor.readWithMessageConverters(RequestResponseBodyMethodProcessor.java:158)
2023-07-27 16:16:11.442 [http-nio-8080-exec-7] ERROR [,] c.b.s.controller.advice.ExceptionAdvice - org.springframework.web.servlet.mvc.method.annotation.RequestResponseBodyMethodProcessor.resolveArgument(RequestResponseBodyMethodProcessor.java:131)
2023-07-27 16:16:11.442 [http-nio-8080-exec-7] ERROR [,] c.b.s.controller.advice.ExceptionAdvice - org.springframework.web.method.support.HandlerMethodArgumentResolverComposite.resolveArgument(HandlerMethodArgumentResolverComposite.java:121)
2023-07-27 16:16:11.442 [http-nio-8080-exec-7] ERROR [,] c.b.s.controller.advice.ExceptionAdvice - org.springframework.web.method.support.InvocableHandlerMethod.getMethodArgumentValues(InvocableHandlerMethod.java:167)
2023-07-27 16:16:11.442 [http-nio-8080-exec-7] ERROR [,] c.b.s.controller.advice.ExceptionAdvice - org.springframework.web.method.support.InvocableHandlerMethod.invokeForRequest(InvocableHandlerMethod.java:134)
2023-07-27 16:16:11.442 [http-nio-8080-exec-7] ERROR [,] c.b.s.controller.advice.ExceptionAdvice - org.springframework.web.servlet.mvc.method.annotation.ServletInvocableHandlerMethod.invokeAndHandle(ServletInvocableHandlerMethod.java:105)
2023-07-27 16:16:11.442 [http-nio-8080-exec-7] ERROR [,] c.b.s.controller.advice.ExceptionAdvice - org.springframework.web.servlet.mvc.method.annotation.RequestMappingHandlerAdapter.invokeHandlerMethod(RequestMappingHandlerAdapter.java:878)
2023-07-27 16:16:11.442 [http-nio-8080-exec-7] ERROR [,] c.b.s.controller.advice.ExceptionAdvice - org.springframework.web.servlet.mvc.method.annotation.RequestMappingHandlerAdapter.handleInternal(RequestMappingHandlerAdapter.java:792)
2023-07-27 16:16:11.442 [http-nio-8080-exec-7] ERROR [,] c.b.s.controller.advice.ExceptionAdvice - org.springframework.web.servlet.mvc.method.AbstractHandlerMethodAdapter.handle(AbstractHandlerMethodAdapter.java:87)
2023-07-27 16:16:11.442 [http-nio-8080-exec-7] ERROR [,] c.b.s.controller.advice.ExceptionAdvice - org.springframework.web.servlet.DispatcherServlet.doDispatch(DispatcherServlet.java:1040)
2023-07-27 16:16:11.442 [http-nio-8080-exec-7] ERROR [,] c.b.s.controller.advice.ExceptionAdvice - org.springframework.web.servlet.DispatcherServlet.doService(DispatcherServlet.java:943)
2023-07-27 16:16:11.442 [http-nio-8080-exec-7] ERROR [,] c.b.s.controller.advice.ExceptionAdvice - org.springframework.web.servlet.FrameworkServlet.processRequest(FrameworkServlet.java:1006)
2023-07-27 16:16:11.442 [http-nio-8080-exec-7] ERROR [,] c.b.s.controller.advice.ExceptionAdvice - org.springframework.web.servlet.FrameworkServlet.doPost(FrameworkServlet.java:909)
2023-07-27 16:16:11.442 [http-nio-8080-exec-7] ERROR [,] c.b.s.controller.advice.ExceptionAdvice - javax.servlet.http.HttpServlet.service(HttpServlet.java:652)
2023-07-27 16:16:11.442 [http-nio-8080-exec-7] ERROR [,] c.b.s.controller.advice.ExceptionAdvice - org.springframework.web.servlet.FrameworkServlet.service(FrameworkServlet.java:883)
2023-07-27 16:16:11.442 [http-nio-8080-exec-7] ERROR [,] c.b.s.controller.advice.ExceptionAdvice - javax.servlet.http.HttpServlet.service(HttpServlet.java:733)
2023-07-27 16:16:11.442 [http-nio-8080-exec-7] ERROR [,] c.b.s.controller.advice.ExceptionAdvice - org.apache.catalina.core.ApplicationFilterChain.internalDoFilter(ApplicationFilterChain.java:231)
2023-07-27 16:16:11.442 [http-nio-8080-exec-7] ERROR [,] c.b.s.controller.advice.ExceptionAdvice - org.apache.catalina.core.ApplicationFilterChain.doFilter(ApplicationFilterChain.java:166)
2023-07-27 16:16:11.442 [http-nio-8080-exec-7] ERROR [,] c.b.s.controller.advice.ExceptionAdvice - org.apache.tomcat.websocket.server.WsFilter.doFilter(WsFilter.java:53)
2023-07-27 16:16:11.442 [http-nio-8080-exec-7] ERROR [,] c.b.s.controller.advice.ExceptionAdvice - org.apache.catalina.core.ApplicationFilterChain.internalDoFilter(ApplicationFilterChain.java:193)
2023-07-27 16:16:11.442 [http-nio-8080-exec-7] ERROR [,] c.b.s.controller.advice.ExceptionAdvice - org.apache.catalina.core.ApplicationFilterChain.doFilter(ApplicationFilterChain.java:166)
2023-07-27 16:16:11.442 [http-nio-8080-exec-7] ERROR [,] c.b.s.controller.advice.ExceptionAdvice - org.springframework.web.filter.RequestContextFilter.doFilterInternal(RequestContextFilter.java:100)
2023-07-27 16:16:11.442 [http-nio-8080-exec-7] ERROR [,] c.b.s.controller.advice.ExceptionAdvice - org.springframework.web.filter.OncePerRequestFilter.doFilter(OncePerRequestFilter.java:119)
2023-07-27 16:16:11.442 [http-nio-8080-exec-7] ERROR [,] c.b.s.controller.advice.ExceptionAdvice - org.apache.catalina.core.ApplicationFilterChain.internalDoFilter(ApplicationFilterChain.java:193)
2023-07-27 16:16:11.442 [http-nio-8080-exec-7] ERROR [,] c.b.s.controller.advice.ExceptionAdvice - org.apache.catalina.core.ApplicationFilterChain.doFilter(ApplicationFilterChain.java:166)
2023-07-27 16:16:11.442 [http-nio-8080-exec-7] ERROR [,] c.b.s.controller.advice.ExceptionAdvice - org.springframework.web.filter.FormContentFilter.doFilterInternal(FormContentFilter.java:93)
2023-07-27 16:16:11.443 [http-nio-8080-exec-7] ERROR [,] c.b.s.controller.advice.ExceptionAdvice - org.springframework.web.filter.OncePerRequestFilter.doFilter(OncePerRequestFilter.java:119)
2023-07-27 16:16:11.443 [http-nio-8080-exec-7] ERROR [,] c.b.s.controller.advice.ExceptionAdvice - org.apache.catalina.core.ApplicationFilterChain.internalDoFilter(ApplicationFilterChain.java:193)
2023-07-27 16:16:11.443 [http-nio-8080-exec-7] ERROR [,] c.b.s.controller.advice.ExceptionAdvice - org.apache.catalina.core.ApplicationFilterChain.doFilter(ApplicationFilterChain.java:166)
2023-07-27 16:16:11.443 [http-nio-8080-exec-7] ERROR [,] c.b.s.controller.advice.ExceptionAdvice - org.springframework.web.filter.CharacterEncodingFilter.doFilterInternal(CharacterEncodingFilter.java:201)
2023-07-27 16:16:11.443 [http-nio-8080-exec-7] ERROR [,] c.b.s.controller.advice.ExceptionAdvice - org.springframework.web.filter.OncePerRequestFilter.doFilter(OncePerRequestFilter.java:119)
2023-07-27 16:16:11.443 [http-nio-8080-exec-7] ERROR [,] c.b.s.controller.advice.ExceptionAdvice - org.apache.catalina.core.ApplicationFilterChain.internalDoFilter(ApplicationFilterChain.java:193)
2023-07-27 16:16:11.443 [http-nio-8080-exec-7] ERROR [,] c.b.s.controller.advice.ExceptionAdvice - org.apache.catalina.core.ApplicationFilterChain.doFilter(ApplicationFilterChain.java:166)
2023-07-27 16:16:11.443 [http-nio-8080-exec-7] ERROR [,] c.b.s.controller.advice.ExceptionAdvice - org.apache.catalina.core.StandardWrapperValve.invoke(StandardWrapperValve.java:202)
2023-07-27 16:16:11.443 [http-nio-8080-exec-7] ERROR [,] c.b.s.controller.advice.ExceptionAdvice - org.apache.catalina.core.StandardContextValve.invoke(StandardContextValve.java:97)
2023-07-27 16:16:11.443 [http-nio-8080-exec-7] ERROR [,] c.b.s.controller.advice.ExceptionAdvice - org.apache.catalina.authenticator.AuthenticatorBase.invoke(AuthenticatorBase.java:542)
2023-07-27 16:16:11.443 [http-nio-8080-exec-7] ERROR [,] c.b.s.controller.advice.ExceptionAdvice - org.apache.catalina.core.StandardHostValve.invoke(StandardHostValve.java:143)
2023-07-27 16:16:11.443 [http-nio-8080-exec-7] ERROR [,] c.b.s.controller.advice.ExceptionAdvice - org.apache.catalina.valves.ErrorReportValve.invoke(ErrorReportValve.java:92)
2023-07-27 16:16:11.443 [http-nio-8080-exec-7] ERROR [,] c.b.s.controller.advice.ExceptionAdvice - org.apache.catalina.core.StandardEngineValve.invoke(StandardEngineValve.java:78)
2023-07-27 16:16:11.443 [http-nio-8080-exec-7] ERROR [,] c.b.s.controller.advice.ExceptionAdvice - org.apache.catalina.connector.CoyoteAdapter.service(CoyoteAdapter.java:343)
2023-07-27 16:16:11.443 [http-nio-8080-exec-7] ERROR [,] c.b.s.controller.advice.ExceptionAdvice - org.apache.coyote.http11.Http11Processor.service(Http11Processor.java:374)
2023-07-27 16:16:11.443 [http-nio-8080-exec-7] ERROR [,] c.b.s.controller.advice.ExceptionAdvice - org.apache.coyote.AbstractProcessorLight.process(AbstractProcessorLight.java:65)
2023-07-27 16:16:11.443 [http-nio-8080-exec-7] ERROR [,] c.b.s.controller.advice.ExceptionAdvice - org.apache.coyote.AbstractProtocol$ConnectionHandler.process(AbstractProtocol.java:888)
2023-07-27 16:16:11.443 [http-nio-8080-exec-7] ERROR [,] c.b.s.controller.advice.ExceptionAdvice - org.apache.tomcat.util.net.NioEndpoint$SocketProcessor.doRun(NioEndpoint.java:1597)
2023-07-27 16:16:11.443 [http-nio-8080-exec-7] ERROR [,] c.b.s.controller.advice.ExceptionAdvice - org.apache.tomcat.util.net.SocketProcessorBase.run(SocketProcessorBase.java:49)
2023-07-27 16:16:11.443 [http-nio-8080-exec-7] ERROR [,] c.b.s.controller.advice.ExceptionAdvice - java.util.concurrent.ThreadPoolExecutor.runWorker(ThreadPoolExecutor.java:1149)
2023-07-27 16:16:11.443 [http-nio-8080-exec-7] ERROR [,] c.b.s.controller.advice.ExceptionAdvice - java.util.concurrent.ThreadPoolExecutor$Worker.run(ThreadPoolExecutor.java:624)
2023-07-27 16:16:11.444 [http-nio-8080-exec-7] ERROR [,] c.b.s.controller.advice.ExceptionAdvice - org.apache.tomcat.util.threads.TaskThread$WrappingRunnable.run(TaskThread.java:61)
2023-07-27 16:16:11.444 [http-nio-8080-exec-7] ERROR [,] c.b.s.controller.advice.ExceptionAdvice - java.lang.Thread.run(Thread.java:750)
