2023-08-03 09:00:59.934 [restartedMain] INFO  [,] c.b.saleordersystem.SaleOrderSystemApplication - Starting SaleOrderSystemApplication on ATHQ-20221218UI with PID 20284 (F:\study\javaProject\SaleOrderSystem\target\classes started by Lcs in F:\study\javaProject\SaleOrderSystem)
2023-08-03 09:00:59.939 [restartedMain] INFO  [,] c.b.saleordersystem.SaleOrderSystemApplication - No active profile set, falling back to default profiles: default
2023-08-03 09:01:00.012 [restartedMain] INFO  [,] o.s.b.d.env.DevToolsPropertyDefaultsPostProcessor - Devtools property defaults active! Set 'spring.devtools.add-properties' to 'false' to disable
2023-08-03 09:01:00.013 [restartedMain] INFO  [,] o.s.b.d.env.DevToolsPropertyDefaultsPostProcessor - For additional web related logging consider setting the 'logging.level.web' property to 'DEBUG'
2023-08-03 09:01:02.164 [restartedMain] INFO  [,] o.s.boot.web.embedded.tomcat.TomcatWebServer - Tomcat initialized with port(s): 8080 (http)
2023-08-03 09:01:02.175 [restartedMain] INFO  [,] org.apache.coyote.http11.Http11NioProtocol - Initializing ProtocolHandler ["http-nio-8080"]
2023-08-03 09:01:02.176 [restartedMain] INFO  [,] org.apache.catalina.core.StandardService - Starting service [Tomcat]
2023-08-03 09:01:02.176 [restartedMain] INFO  [,] org.apache.catalina.core.StandardEngine - Starting Servlet engine: [Apache Tomcat/9.0.41]
2023-08-03 09:01:02.280 [restartedMain] INFO  [,] o.a.c.c.C.[Tomcat].[localhost].[/benewake] - Initializing Spring embedded WebApplicationContext
2023-08-03 09:01:02.280 [restartedMain] INFO  [,] o.s.b.w.s.c.ServletWebServerApplicationContext - Root WebApplicationContext: initialization completed in 2265 ms
2023-08-03 09:01:04.698 [restartedMain] INFO  [,] o.s.scheduling.concurrent.ThreadPoolTaskExecutor - Initializing ExecutorService
2023-08-03 09:01:04.700 [restartedMain] INFO  [,] o.s.scheduling.concurrent.ThreadPoolTaskExecutor - Initializing ExecutorService 'myThreadPoolTask'
2023-08-03 09:01:04.883 [restartedMain] INFO  [,] o.s.b.d.autoconfigure.OptionalLiveReloadServer - LiveReload server is running on port 35729
2023-08-03 09:01:06.411 [restartedMain] INFO  [,] org.apache.coyote.http11.Http11NioProtocol - Starting ProtocolHandler ["http-nio-8080"]
2023-08-03 09:01:06.445 [restartedMain] INFO  [,] o.s.boot.web.embedded.tomcat.TomcatWebServer - Tomcat started on port(s): 8080 (http) with context path '/benewake'
2023-08-03 09:01:06.834 [restartedMain] INFO  [,] o.s.a.rabbit.connection.CachingConnectionFactory - Attempting to connect to: [47.93.30.99:5672]
2023-08-03 09:01:06.905 [restartedMain] INFO  [,] o.s.a.rabbit.connection.CachingConnectionFactory - Created new connection: rabbitConnectionFactory#7d546c04:0/SimpleConnection@5792a275 [delegate=amqp://guest@47.93.30.99:5672/, localPort= 50742]
2023-08-03 09:01:07.117 [restartedMain] INFO  [,] c.b.saleordersystem.SaleOrderSystemApplication - Started SaleOrderSystemApplication in 7.805 seconds (JVM running for 9.077)
2023-08-03 09:13:42.244 [http-nio-8080-exec-2] INFO  [,] o.a.c.c.C.[Tomcat].[localhost].[/benewake] - Initializing Spring DispatcherServlet 'dispatcherServlet'
2023-08-03 09:13:42.244 [http-nio-8080-exec-2] INFO  [,] org.springframework.web.servlet.DispatcherServlet - Initializing Servlet 'dispatcherServlet'
2023-08-03 09:13:42.254 [http-nio-8080-exec-2] INFO  [,] org.springframework.web.servlet.DispatcherServlet - Completed initialization in 10 ms
2023-08-03 09:13:42.338 [http-nio-8080-exec-2] INFO  [,] com.zaxxer.hikari.HikariDataSource - HikariPool-1 - Starting...
2023-08-03 09:14:13.332 [http-nio-8080-exec-3] INFO  [,] com.zaxxer.hikari.HikariDataSource - HikariPool-1 - Starting...
2023-08-03 09:14:13.368 [http-nio-8080-exec-3] INFO  [,] com.zaxxer.hikari.HikariDataSource - HikariPool-1 - Start completed.
2023-08-03 09:14:13.484 [http-nio-8080-exec-3] INFO  [,] com.benewake.saleordersystem.aspect.LogAspect - 用户[0:0:0:0:0:0:0:1],在[2023-08-03 09:08:13],访问了[com.benewake.saleordersystem.controller.SaleOrderController]的[selectList]方法，参数为[[FilterVo(tableId=1, viewId=-1, viewName=null, filterCriterias=[FilterCriteria(colName=state, condition=eq, value=1)], cols=null)]].
2023-08-03 09:14:13.518 [http-nio-8080-exec-3] INFO  [,] c.b.saleordersystem.aspect.TrackingTimeAspectj - Call method (public com.benewake.saleordersystem.utils.Result com.benewake.saleordersystem.controller.SaleOrderController.selectList(com.benewake.saleordersystem.entity.VO.FilterVo)) used time:29ms
2023-08-03 09:14:31.878 [http-nio-8080-exec-6] INFO  [,] com.benewake.saleordersystem.aspect.LogAspect - 用户[0:0:0:0:0:0:0:1],在[2023-08-03 09:08:31],访问了[com.benewake.saleordersystem.controller.SaleOrderController]的[selectList]方法，参数为[[FilterVo(tableId=1, viewId=-1, viewName=null, filterCriterias=[FilterCriteria(colName=state, condition=eq, value=0)], cols=null)]].
2023-08-03 09:14:31.894 [http-nio-8080-exec-6] INFO  [,] c.b.saleordersystem.aspect.TrackingTimeAspectj - Call method (public com.benewake.saleordersystem.utils.Result com.benewake.saleordersystem.controller.SaleOrderController.selectList(com.benewake.saleordersystem.entity.VO.FilterVo)) used time:15ms
2023-08-03 09:15:33.952 [http-nio-8080-exec-7] INFO  [,] com.benewake.saleordersystem.aspect.LogAspect - 用户[0:0:0:0:0:0:0:1],在[2023-08-03 09:08:33],访问了[com.benewake.saleordersystem.controller.SaleOrderController]的[selectList]方法，参数为[[FilterVo(tableId=1, viewId=-1, viewName=null, filterCriterias=[FilterCriteria(colName=state, condition=eq, value=0)], cols=null)]].
2023-08-03 09:15:33.962 [http-nio-8080-exec-7] INFO  [,] c.b.saleordersystem.aspect.TrackingTimeAspectj - Call method (public com.benewake.saleordersystem.utils.Result com.benewake.saleordersystem.controller.SaleOrderController.selectList(com.benewake.saleordersystem.entity.VO.FilterVo)) used time:9ms
2023-08-03 09:16:17.265 [SpringContextShutdownHook] INFO  [,] o.s.a.r.listener.SimpleMessageListenerContainer - Waiting for workers to finish.
2023-08-03 09:16:17.643 [SpringContextShutdownHook] INFO  [,] o.s.a.r.listener.SimpleMessageListenerContainer - Successfully waited for workers to finish.
2023-08-03 09:16:17.653 [SpringContextShutdownHook] INFO  [,] o.s.a.r.listener.SimpleMessageListenerContainer - Waiting for workers to finish.
2023-08-03 09:16:17.763 [SpringContextShutdownHook] INFO  [,] o.s.a.r.listener.SimpleMessageListenerContainer - Successfully waited for workers to finish.
2023-08-03 09:16:18.200 [SpringContextShutdownHook] INFO  [,] o.s.a.r.listener.SimpleMessageListenerContainer - Shutdown ignored - container is not active already
2023-08-03 09:16:18.200 [SpringContextShutdownHook] INFO  [,] o.s.a.r.listener.SimpleMessageListenerContainer - Shutdown ignored - container is not active already
2023-08-03 09:16:18.215 [SpringContextShutdownHook] INFO  [,] o.s.scheduling.concurrent.ThreadPoolTaskExecutor - Shutting down ExecutorService 'myThreadPoolTask'
2023-08-03 09:16:18.221 [SpringContextShutdownHook] INFO  [,] com.zaxxer.hikari.HikariDataSource - HikariPool-1 - Shutdown initiated...
2023-08-03 09:16:18.224 [SpringContextShutdownHook] INFO  [,] com.zaxxer.hikari.HikariDataSource - HikariPool-1 - Shutdown completed.
2023-08-03 09:23:58.128 [restartedMain] INFO  [,] c.b.saleordersystem.SaleOrderSystemApplication - Starting SaleOrderSystemApplication on ATHQ-20221218UI with PID 19200 (F:\study\javaProject\SaleOrderSystem\target\classes started by Lcs in F:\study\javaProject\SaleOrderSystem)
2023-08-03 09:23:58.131 [restartedMain] INFO  [,] c.b.saleordersystem.SaleOrderSystemApplication - No active profile set, falling back to default profiles: default
2023-08-03 09:23:58.190 [restartedMain] INFO  [,] o.s.b.d.env.DevToolsPropertyDefaultsPostProcessor - Devtools property defaults active! Set 'spring.devtools.add-properties' to 'false' to disable
2023-08-03 09:23:58.190 [restartedMain] INFO  [,] o.s.b.d.env.DevToolsPropertyDefaultsPostProcessor - For additional web related logging consider setting the 'logging.level.web' property to 'DEBUG'
2023-08-03 09:24:00.100 [restartedMain] INFO  [,] o.s.boot.web.embedded.tomcat.TomcatWebServer - Tomcat initialized with port(s): 8080 (http)
2023-08-03 09:24:00.110 [restartedMain] INFO  [,] org.apache.coyote.http11.Http11NioProtocol - Initializing ProtocolHandler ["http-nio-8080"]
2023-08-03 09:24:00.110 [restartedMain] INFO  [,] org.apache.catalina.core.StandardService - Starting service [Tomcat]
2023-08-03 09:24:00.110 [restartedMain] INFO  [,] org.apache.catalina.core.StandardEngine - Starting Servlet engine: [Apache Tomcat/9.0.41]
2023-08-03 09:24:00.205 [restartedMain] INFO  [,] o.a.c.c.C.[Tomcat].[localhost].[/benewake] - Initializing Spring embedded WebApplicationContext
2023-08-03 09:24:00.205 [restartedMain] INFO  [,] o.s.b.w.s.c.ServletWebServerApplicationContext - Root WebApplicationContext: initialization completed in 2014 ms
2023-08-03 09:24:02.529 [restartedMain] INFO  [,] o.s.scheduling.concurrent.ThreadPoolTaskExecutor - Initializing ExecutorService
2023-08-03 09:24:02.531 [restartedMain] INFO  [,] o.s.scheduling.concurrent.ThreadPoolTaskExecutor - Initializing ExecutorService 'myThreadPoolTask'
2023-08-03 09:24:02.699 [restartedMain] INFO  [,] o.s.b.d.autoconfigure.OptionalLiveReloadServer - LiveReload server is running on port 35729
2023-08-03 09:24:04.124 [restartedMain] INFO  [,] org.apache.coyote.http11.Http11NioProtocol - Starting ProtocolHandler ["http-nio-8080"]
2023-08-03 09:24:04.145 [restartedMain] INFO  [,] o.s.boot.web.embedded.tomcat.TomcatWebServer - Tomcat started on port(s): 8080 (http) with context path '/benewake'
2023-08-03 09:24:04.532 [restartedMain] INFO  [,] o.s.a.rabbit.connection.CachingConnectionFactory - Attempting to connect to: [47.93.30.99:5672]
2023-08-03 09:24:04.604 [restartedMain] INFO  [,] o.s.a.rabbit.connection.CachingConnectionFactory - Created new connection: rabbitConnectionFactory#2876fce6:0/SimpleConnection@76195ad0 [delegate=amqp://guest@47.93.30.99:5672/, localPort= 52621]
2023-08-03 09:24:04.866 [restartedMain] INFO  [,] c.b.saleordersystem.SaleOrderSystemApplication - Started SaleOrderSystemApplication in 7.264 seconds (JVM running for 8.51)
2023-08-03 09:24:10.027 [http-nio-8080-exec-5] INFO  [,] o.a.c.c.C.[Tomcat].[localhost].[/benewake] - Initializing Spring DispatcherServlet 'dispatcherServlet'
2023-08-03 09:24:10.028 [http-nio-8080-exec-5] INFO  [,] org.springframework.web.servlet.DispatcherServlet - Initializing Servlet 'dispatcherServlet'
2023-08-03 09:24:10.038 [http-nio-8080-exec-5] INFO  [,] org.springframework.web.servlet.DispatcherServlet - Completed initialization in 10 ms
2023-08-03 09:24:10.117 [http-nio-8080-exec-5] INFO  [,] com.zaxxer.hikari.HikariDataSource - HikariPool-1 - Starting...
2023-08-03 09:24:10.262 [http-nio-8080-exec-5] INFO  [,] com.zaxxer.hikari.HikariDataSource - HikariPool-1 - Start completed.
2023-08-03 09:24:32.178 [http-nio-8080-exec-4] INFO  [,] com.benewake.saleordersystem.aspect.LogAspect - 用户[0:0:0:0:0:0:0:1],在[2023-08-03 09:08:32],访问了[com.benewake.saleordersystem.controller.NoticeController]的[findNotice]方法，参数为[[Notice(id=null, createUserId=null, message=null, createTime=null, updateTime=null, deleted=null)]].
2023-08-03 09:25:32.385 [SpringContextShutdownHook] INFO  [,] o.s.a.r.listener.SimpleMessageListenerContainer - Waiting for workers to finish.
2023-08-03 09:25:32.667 [SpringContextShutdownHook] INFO  [,] o.s.a.r.listener.SimpleMessageListenerContainer - Successfully waited for workers to finish.
2023-08-03 09:25:32.680 [SpringContextShutdownHook] INFO  [,] o.s.a.r.listener.SimpleMessageListenerContainer - Waiting for workers to finish.
2023-08-03 09:25:32.723 [SpringContextShutdownHook] INFO  [,] o.s.a.r.listener.SimpleMessageListenerContainer - Successfully waited for workers to finish.
2023-08-03 09:25:33.135 [SpringContextShutdownHook] INFO  [,] o.s.a.r.listener.SimpleMessageListenerContainer - Shutdown ignored - container is not active already
2023-08-03 09:25:33.135 [SpringContextShutdownHook] INFO  [,] o.s.a.r.listener.SimpleMessageListenerContainer - Shutdown ignored - container is not active already
2023-08-03 09:25:33.157 [SpringContextShutdownHook] INFO  [,] o.s.scheduling.concurrent.ThreadPoolTaskExecutor - Shutting down ExecutorService 'myThreadPoolTask'
2023-08-03 09:25:33.163 [SpringContextShutdownHook] INFO  [,] com.zaxxer.hikari.HikariDataSource - HikariPool-1 - Shutdown initiated...
2023-08-03 09:25:33.169 [SpringContextShutdownHook] INFO  [,] com.zaxxer.hikari.HikariDataSource - HikariPool-1 - Shutdown completed.
2023-08-03 09:25:40.003 [restartedMain] INFO  [,] c.b.saleordersystem.SaleOrderSystemApplication - Starting SaleOrderSystemApplication on ATHQ-20221218UI with PID 19160 (F:\study\javaProject\SaleOrderSystem\target\classes started by Lcs in F:\study\javaProject\SaleOrderSystem)
2023-08-03 09:25:40.005 [restartedMain] INFO  [,] c.b.saleordersystem.SaleOrderSystemApplication - No active profile set, falling back to default profiles: default
2023-08-03 09:25:40.051 [restartedMain] INFO  [,] o.s.b.d.env.DevToolsPropertyDefaultsPostProcessor - Devtools property defaults active! Set 'spring.devtools.add-properties' to 'false' to disable
2023-08-03 09:25:40.051 [restartedMain] INFO  [,] o.s.b.d.env.DevToolsPropertyDefaultsPostProcessor - For additional web related logging consider setting the 'logging.level.web' property to 'DEBUG'
2023-08-03 09:25:41.576 [restartedMain] INFO  [,] o.s.boot.web.embedded.tomcat.TomcatWebServer - Tomcat initialized with port(s): 8080 (http)
2023-08-03 09:25:41.584 [restartedMain] INFO  [,] org.apache.coyote.http11.Http11NioProtocol - Initializing ProtocolHandler ["http-nio-8080"]
2023-08-03 09:25:41.584 [restartedMain] INFO  [,] org.apache.catalina.core.StandardService - Starting service [Tomcat]
2023-08-03 09:25:41.584 [restartedMain] INFO  [,] org.apache.catalina.core.StandardEngine - Starting Servlet engine: [Apache Tomcat/9.0.41]
2023-08-03 09:25:41.658 [restartedMain] INFO  [,] o.a.c.c.C.[Tomcat].[localhost].[/benewake] - Initializing Spring embedded WebApplicationContext
2023-08-03 09:25:41.658 [restartedMain] INFO  [,] o.s.b.w.s.c.ServletWebServerApplicationContext - Root WebApplicationContext: initialization completed in 1607 ms
2023-08-03 09:25:43.519 [restartedMain] INFO  [,] o.s.scheduling.concurrent.ThreadPoolTaskExecutor - Initializing ExecutorService
2023-08-03 09:25:43.520 [restartedMain] INFO  [,] o.s.scheduling.concurrent.ThreadPoolTaskExecutor - Initializing ExecutorService 'myThreadPoolTask'
2023-08-03 09:25:43.651 [restartedMain] INFO  [,] o.s.b.d.autoconfigure.OptionalLiveReloadServer - LiveReload server is running on port 35729
2023-08-03 09:25:44.797 [restartedMain] INFO  [,] org.apache.coyote.http11.Http11NioProtocol - Starting ProtocolHandler ["http-nio-8080"]
2023-08-03 09:25:44.816 [restartedMain] INFO  [,] o.s.boot.web.embedded.tomcat.TomcatWebServer - Tomcat started on port(s): 8080 (http) with context path '/benewake'
2023-08-03 09:25:45.134 [restartedMain] INFO  [,] o.s.a.rabbit.connection.CachingConnectionFactory - Attempting to connect to: [47.93.30.99:5672]
2023-08-03 09:25:45.230 [restartedMain] INFO  [,] o.s.a.rabbit.connection.CachingConnectionFactory - Created new connection: rabbitConnectionFactory#6dd27553:0/SimpleConnection@17017d2c [delegate=amqp://guest@47.93.30.99:5672/, localPort= 52758]
2023-08-03 09:25:45.449 [restartedMain] INFO  [,] c.b.saleordersystem.SaleOrderSystemApplication - Started SaleOrderSystemApplication in 5.839 seconds (JVM running for 6.72)
2023-08-03 09:25:52.704 [http-nio-8080-exec-6] INFO  [,] o.a.c.c.C.[Tomcat].[localhost].[/benewake] - Initializing Spring DispatcherServlet 'dispatcherServlet'
2023-08-03 09:25:52.704 [http-nio-8080-exec-6] INFO  [,] org.springframework.web.servlet.DispatcherServlet - Initializing Servlet 'dispatcherServlet'
2023-08-03 09:25:52.714 [http-nio-8080-exec-6] INFO  [,] org.springframework.web.servlet.DispatcherServlet - Completed initialization in 9 ms
2023-08-03 09:25:52.792 [http-nio-8080-exec-6] INFO  [,] com.zaxxer.hikari.HikariDataSource - HikariPool-1 - Starting...
2023-08-03 09:25:52.932 [http-nio-8080-exec-6] INFO  [,] com.zaxxer.hikari.HikariDataSource - HikariPool-1 - Start completed.
2023-08-03 09:25:53.033 [http-nio-8080-exec-6] INFO  [,] com.benewake.saleordersystem.aspect.LogAspect - 用户[0:0:0:0:0:0:0:1],在[2023-08-03 09:08:53],访问了[com.benewake.saleordersystem.controller.NoticeController]的[findNotice]方法，参数为[[Notice(id=null, createUserId=null, message=null, createTime=null, updateTime=null, deleted=null)]].
2023-08-03 09:26:20.408 [SpringContextShutdownHook] INFO  [,] o.s.a.r.listener.SimpleMessageListenerContainer - Waiting for workers to finish.
2023-08-03 09:26:20.752 [SpringContextShutdownHook] INFO  [,] o.s.a.r.listener.SimpleMessageListenerContainer - Successfully waited for workers to finish.
2023-08-03 09:26:20.763 [SpringContextShutdownHook] INFO  [,] o.s.a.r.listener.SimpleMessageListenerContainer - Waiting for workers to finish.
2023-08-03 09:26:21.761 [SpringContextShutdownHook] INFO  [,] o.s.a.r.listener.SimpleMessageListenerContainer - Successfully waited for workers to finish.
2023-08-03 09:26:22.175 [SpringContextShutdownHook] INFO  [,] o.s.a.r.listener.SimpleMessageListenerContainer - Shutdown ignored - container is not active already
2023-08-03 09:26:22.175 [SpringContextShutdownHook] INFO  [,] o.s.a.r.listener.SimpleMessageListenerContainer - Shutdown ignored - container is not active already
2023-08-03 09:26:22.192 [SpringContextShutdownHook] INFO  [,] o.s.scheduling.concurrent.ThreadPoolTaskExecutor - Shutting down ExecutorService 'myThreadPoolTask'
2023-08-03 09:26:22.199 [SpringContextShutdownHook] INFO  [,] com.zaxxer.hikari.HikariDataSource - HikariPool-1 - Shutdown initiated...
2023-08-03 09:26:22.205 [SpringContextShutdownHook] INFO  [,] com.zaxxer.hikari.HikariDataSource - HikariPool-1 - Shutdown completed.
2023-08-03 09:26:29.344 [restartedMain] INFO  [,] c.b.saleordersystem.SaleOrderSystemApplication - Starting SaleOrderSystemApplication on ATHQ-20221218UI with PID 19580 (F:\study\javaProject\SaleOrderSystem\target\classes started by Lcs in F:\study\javaProject\SaleOrderSystem)
2023-08-03 09:26:29.346 [restartedMain] INFO  [,] c.b.saleordersystem.SaleOrderSystemApplication - No active profile set, falling back to default profiles: default
2023-08-03 09:26:29.391 [restartedMain] INFO  [,] o.s.b.d.env.DevToolsPropertyDefaultsPostProcessor - Devtools property defaults active! Set 'spring.devtools.add-properties' to 'false' to disable
2023-08-03 09:26:29.391 [restartedMain] INFO  [,] o.s.b.d.env.DevToolsPropertyDefaultsPostProcessor - For additional web related logging consider setting the 'logging.level.web' property to 'DEBUG'
2023-08-03 09:26:30.892 [restartedMain] INFO  [,] o.s.boot.web.embedded.tomcat.TomcatWebServer - Tomcat initialized with port(s): 8080 (http)
2023-08-03 09:26:30.900 [restartedMain] INFO  [,] org.apache.coyote.http11.Http11NioProtocol - Initializing ProtocolHandler ["http-nio-8080"]
2023-08-03 09:26:30.900 [restartedMain] INFO  [,] org.apache.catalina.core.StandardService - Starting service [Tomcat]
2023-08-03 09:26:30.900 [restartedMain] INFO  [,] org.apache.catalina.core.StandardEngine - Starting Servlet engine: [Apache Tomcat/9.0.41]
2023-08-03 09:26:30.974 [restartedMain] INFO  [,] o.a.c.c.C.[Tomcat].[localhost].[/benewake] - Initializing Spring embedded WebApplicationContext
2023-08-03 09:26:30.974 [restartedMain] INFO  [,] o.s.b.w.s.c.ServletWebServerApplicationContext - Root WebApplicationContext: initialization completed in 1583 ms
2023-08-03 09:26:32.910 [restartedMain] INFO  [,] o.s.scheduling.concurrent.ThreadPoolTaskExecutor - Initializing ExecutorService
2023-08-03 09:26:32.912 [restartedMain] INFO  [,] o.s.scheduling.concurrent.ThreadPoolTaskExecutor - Initializing ExecutorService 'myThreadPoolTask'
2023-08-03 09:26:33.109 [restartedMain] INFO  [,] o.s.b.d.autoconfigure.OptionalLiveReloadServer - LiveReload server is running on port 35729
2023-08-03 09:26:34.296 [restartedMain] INFO  [,] org.apache.coyote.http11.Http11NioProtocol - Starting ProtocolHandler ["http-nio-8080"]
2023-08-03 09:26:34.315 [restartedMain] INFO  [,] o.s.boot.web.embedded.tomcat.TomcatWebServer - Tomcat started on port(s): 8080 (http) with context path '/benewake'
2023-08-03 09:26:34.632 [restartedMain] INFO  [,] o.s.a.rabbit.connection.CachingConnectionFactory - Attempting to connect to: [47.93.30.99:5672]
2023-08-03 09:26:34.765 [restartedMain] INFO  [,] o.s.a.rabbit.connection.CachingConnectionFactory - Created new connection: rabbitConnectionFactory#4c824411:0/SimpleConnection@53c3a50a [delegate=amqp://guest@47.93.30.99:5672/, localPort= 52865]
2023-08-03 09:26:35.190 [restartedMain] INFO  [,] c.b.saleordersystem.SaleOrderSystemApplication - Started SaleOrderSystemApplication in 6.239 seconds (JVM running for 7.18)
2023-08-03 09:26:39.079 [http-nio-8080-exec-2] INFO  [,] o.a.c.c.C.[Tomcat].[localhost].[/benewake] - Initializing Spring DispatcherServlet 'dispatcherServlet'
2023-08-03 09:26:39.080 [http-nio-8080-exec-2] INFO  [,] org.springframework.web.servlet.DispatcherServlet - Initializing Servlet 'dispatcherServlet'
2023-08-03 09:26:39.090 [http-nio-8080-exec-2] INFO  [,] org.springframework.web.servlet.DispatcherServlet - Completed initialization in 10 ms
2023-08-03 09:26:39.166 [http-nio-8080-exec-2] INFO  [,] com.zaxxer.hikari.HikariDataSource - HikariPool-1 - Starting...
2023-08-03 09:26:39.315 [http-nio-8080-exec-2] INFO  [,] com.zaxxer.hikari.HikariDataSource - HikariPool-1 - Start completed.
2023-08-03 09:26:39.425 [http-nio-8080-exec-2] INFO  [,] com.benewake.saleordersystem.aspect.LogAspect - 用户[0:0:0:0:0:0:0:1],在[2023-08-03 09:08:39],访问了[com.benewake.saleordersystem.controller.NoticeController]的[findNotice]方法，参数为[[Notice(id=null, createUserId=null, message=null, createTime=null, updateTime=null, deleted=null)]].
2023-08-03 09:27:07.833 [SpringContextShutdownHook] INFO  [,] o.s.a.r.listener.SimpleMessageListenerContainer - Waiting for workers to finish.
2023-08-03 09:27:08.330 [SpringContextShutdownHook] INFO  [,] o.s.a.r.listener.SimpleMessageListenerContainer - Successfully waited for workers to finish.
2023-08-03 09:27:08.341 [SpringContextShutdownHook] INFO  [,] o.s.a.r.listener.SimpleMessageListenerContainer - Waiting for workers to finish.
2023-08-03 09:27:08.480 [SpringContextShutdownHook] INFO  [,] o.s.a.r.listener.SimpleMessageListenerContainer - Successfully waited for workers to finish.
2023-08-03 09:27:08.893 [SpringContextShutdownHook] INFO  [,] o.s.a.r.listener.SimpleMessageListenerContainer - Shutdown ignored - container is not active already
2023-08-03 09:27:08.893 [SpringContextShutdownHook] INFO  [,] o.s.a.r.listener.SimpleMessageListenerContainer - Shutdown ignored - container is not active already
2023-08-03 09:27:08.915 [SpringContextShutdownHook] INFO  [,] o.s.scheduling.concurrent.ThreadPoolTaskExecutor - Shutting down ExecutorService 'myThreadPoolTask'
2023-08-03 09:27:08.921 [SpringContextShutdownHook] INFO  [,] com.zaxxer.hikari.HikariDataSource - HikariPool-1 - Shutdown initiated...
2023-08-03 09:27:08.929 [SpringContextShutdownHook] INFO  [,] com.zaxxer.hikari.HikariDataSource - HikariPool-1 - Shutdown completed.
2023-08-03 09:27:16.158 [restartedMain] INFO  [,] c.b.saleordersystem.SaleOrderSystemApplication - Starting SaleOrderSystemApplication on ATHQ-20221218UI with PID 20744 (F:\study\javaProject\SaleOrderSystem\target\classes started by Lcs in F:\study\javaProject\SaleOrderSystem)
2023-08-03 09:27:16.160 [restartedMain] INFO  [,] c.b.saleordersystem.SaleOrderSystemApplication - No active profile set, falling back to default profiles: default
2023-08-03 09:27:16.211 [restartedMain] INFO  [,] o.s.b.d.env.DevToolsPropertyDefaultsPostProcessor - Devtools property defaults active! Set 'spring.devtools.add-properties' to 'false' to disable
2023-08-03 09:27:16.211 [restartedMain] INFO  [,] o.s.b.d.env.DevToolsPropertyDefaultsPostProcessor - For additional web related logging consider setting the 'logging.level.web' property to 'DEBUG'
2023-08-03 09:27:17.727 [restartedMain] INFO  [,] o.s.boot.web.embedded.tomcat.TomcatWebServer - Tomcat initialized with port(s): 8080 (http)
2023-08-03 09:27:17.736 [restartedMain] INFO  [,] org.apache.coyote.http11.Http11NioProtocol - Initializing ProtocolHandler ["http-nio-8080"]
2023-08-03 09:27:17.737 [restartedMain] INFO  [,] org.apache.catalina.core.StandardService - Starting service [Tomcat]
2023-08-03 09:27:17.737 [restartedMain] INFO  [,] org.apache.catalina.core.StandardEngine - Starting Servlet engine: [Apache Tomcat/9.0.41]
2023-08-03 09:27:17.811 [restartedMain] INFO  [,] o.a.c.c.C.[Tomcat].[localhost].[/benewake] - Initializing Spring embedded WebApplicationContext
2023-08-03 09:27:17.811 [restartedMain] INFO  [,] o.s.b.w.s.c.ServletWebServerApplicationContext - Root WebApplicationContext: initialization completed in 1599 ms
2023-08-03 09:27:19.627 [restartedMain] INFO  [,] o.s.scheduling.concurrent.ThreadPoolTaskExecutor - Initializing ExecutorService
2023-08-03 09:27:19.628 [restartedMain] INFO  [,] o.s.scheduling.concurrent.ThreadPoolTaskExecutor - Initializing ExecutorService 'myThreadPoolTask'
2023-08-03 09:27:19.762 [restartedMain] INFO  [,] o.s.b.d.autoconfigure.OptionalLiveReloadServer - LiveReload server is running on port 35729
2023-08-03 09:27:20.900 [restartedMain] INFO  [,] org.apache.coyote.http11.Http11NioProtocol - Starting ProtocolHandler ["http-nio-8080"]
2023-08-03 09:27:20.919 [restartedMain] INFO  [,] o.s.boot.web.embedded.tomcat.TomcatWebServer - Tomcat started on port(s): 8080 (http) with context path '/benewake'
2023-08-03 09:27:21.221 [restartedMain] INFO  [,] o.s.a.rabbit.connection.CachingConnectionFactory - Attempting to connect to: [47.93.30.99:5672]
2023-08-03 09:27:21.301 [restartedMain] INFO  [,] o.s.a.rabbit.connection.CachingConnectionFactory - Created new connection: rabbitConnectionFactory#48b5a873:0/SimpleConnection@1e7847bb [delegate=amqp://guest@47.93.30.99:5672/, localPort= 52959]
2023-08-03 09:27:21.528 [restartedMain] INFO  [,] c.b.saleordersystem.SaleOrderSystemApplication - Started SaleOrderSystemApplication in 5.774 seconds (JVM running for 6.675)
2023-08-03 09:31:33.210 [http-nio-8080-exec-1] INFO  [,] o.a.c.c.C.[Tomcat].[localhost].[/benewake] - Initializing Spring DispatcherServlet 'dispatcherServlet'
2023-08-03 09:31:33.210 [http-nio-8080-exec-1] INFO  [,] org.springframework.web.servlet.DispatcherServlet - Initializing Servlet 'dispatcherServlet'
2023-08-03 09:31:33.221 [http-nio-8080-exec-1] INFO  [,] org.springframework.web.servlet.DispatcherServlet - Completed initialization in 11 ms
2023-08-03 09:31:33.304 [http-nio-8080-exec-1] INFO  [,] com.zaxxer.hikari.HikariDataSource - HikariPool-1 - Starting...
2023-08-03 09:31:33.458 [http-nio-8080-exec-1] INFO  [,] com.zaxxer.hikari.HikariDataSource - HikariPool-1 - Start completed.
2023-08-03 09:31:33.568 [http-nio-8080-exec-1] INFO  [,] com.benewake.saleordersystem.aspect.LogAspect - 用户[0:0:0:0:0:0:0:1],在[2023-08-03 09:08:33],访问了[com.benewake.saleordersystem.controller.NoticeController]的[saveNotice]方法，参数为[[Notice(id=null, createUserId=null, message=这是一个通知！！, createTime=null, updateTime=null, deleted=null)]].
2023-08-03 09:40:15.105 [SpringContextShutdownHook] INFO  [,] o.s.a.r.listener.SimpleMessageListenerContainer - Waiting for workers to finish.
2023-08-03 09:40:15.987 [SpringContextShutdownHook] INFO  [,] o.s.a.r.listener.SimpleMessageListenerContainer - Successfully waited for workers to finish.
2023-08-03 09:40:15.996 [SpringContextShutdownHook] INFO  [,] o.s.a.r.listener.SimpleMessageListenerContainer - Waiting for workers to finish.
2023-08-03 09:40:16.708 [SpringContextShutdownHook] INFO  [,] o.s.a.r.listener.SimpleMessageListenerContainer - Successfully waited for workers to finish.
2023-08-03 09:40:17.104 [SpringContextShutdownHook] INFO  [,] o.s.a.r.listener.SimpleMessageListenerContainer - Shutdown ignored - container is not active already
2023-08-03 09:40:17.104 [SpringContextShutdownHook] INFO  [,] o.s.a.r.listener.SimpleMessageListenerContainer - Shutdown ignored - container is not active already
2023-08-03 09:40:17.121 [SpringContextShutdownHook] INFO  [,] o.s.scheduling.concurrent.ThreadPoolTaskExecutor - Shutting down ExecutorService 'myThreadPoolTask'
2023-08-03 09:40:17.127 [SpringContextShutdownHook] INFO  [,] com.zaxxer.hikari.HikariDataSource - HikariPool-1 - Shutdown initiated...
2023-08-03 09:40:17.133 [SpringContextShutdownHook] INFO  [,] com.zaxxer.hikari.HikariDataSource - HikariPool-1 - Shutdown completed.
2023-08-03 09:40:24.222 [restartedMain] INFO  [,] c.b.saleordersystem.SaleOrderSystemApplication - Starting SaleOrderSystemApplication on ATHQ-20221218UI with PID 9296 (F:\study\javaProject\SaleOrderSystem\target\classes started by Lcs in F:\study\javaProject\SaleOrderSystem)
2023-08-03 09:40:24.224 [restartedMain] INFO  [,] c.b.saleordersystem.SaleOrderSystemApplication - No active profile set, falling back to default profiles: default
2023-08-03 09:40:24.268 [restartedMain] INFO  [,] o.s.b.d.env.DevToolsPropertyDefaultsPostProcessor - Devtools property defaults active! Set 'spring.devtools.add-properties' to 'false' to disable
2023-08-03 09:40:24.268 [restartedMain] INFO  [,] o.s.b.d.env.DevToolsPropertyDefaultsPostProcessor - For additional web related logging consider setting the 'logging.level.web' property to 'DEBUG'
2023-08-03 09:40:25.787 [restartedMain] INFO  [,] o.s.boot.web.embedded.tomcat.TomcatWebServer - Tomcat initialized with port(s): 8080 (http)
2023-08-03 09:40:25.795 [restartedMain] INFO  [,] org.apache.coyote.http11.Http11NioProtocol - Initializing ProtocolHandler ["http-nio-8080"]
2023-08-03 09:40:25.796 [restartedMain] INFO  [,] org.apache.catalina.core.StandardService - Starting service [Tomcat]
2023-08-03 09:40:25.796 [restartedMain] INFO  [,] org.apache.catalina.core.StandardEngine - Starting Servlet engine: [Apache Tomcat/9.0.41]
2023-08-03 09:40:25.867 [restartedMain] INFO  [,] o.a.c.c.C.[Tomcat].[localhost].[/benewake] - Initializing Spring embedded WebApplicationContext
2023-08-03 09:40:25.867 [restartedMain] INFO  [,] o.s.b.w.s.c.ServletWebServerApplicationContext - Root WebApplicationContext: initialization completed in 1599 ms
2023-08-03 09:40:27.708 [restartedMain] INFO  [,] o.s.scheduling.concurrent.ThreadPoolTaskExecutor - Initializing ExecutorService
2023-08-03 09:40:27.710 [restartedMain] INFO  [,] o.s.scheduling.concurrent.ThreadPoolTaskExecutor - Initializing ExecutorService 'myThreadPoolTask'
2023-08-03 09:40:27.840 [restartedMain] INFO  [,] o.s.b.d.autoconfigure.OptionalLiveReloadServer - LiveReload server is running on port 35729
2023-08-03 09:40:28.978 [restartedMain] INFO  [,] org.apache.coyote.http11.Http11NioProtocol - Starting ProtocolHandler ["http-nio-8080"]
2023-08-03 09:40:28.997 [restartedMain] INFO  [,] o.s.boot.web.embedded.tomcat.TomcatWebServer - Tomcat started on port(s): 8080 (http) with context path '/benewake'
2023-08-03 09:40:29.295 [restartedMain] INFO  [,] o.s.a.rabbit.connection.CachingConnectionFactory - Attempting to connect to: [47.93.30.99:5672]
2023-08-03 09:40:29.361 [restartedMain] INFO  [,] o.s.a.rabbit.connection.CachingConnectionFactory - Created new connection: rabbitConnectionFactory#6dd27553:0/SimpleConnection@17017d2c [delegate=amqp://guest@47.93.30.99:5672/, localPort= 53926]
2023-08-03 09:40:29.666 [restartedMain] INFO  [,] c.b.saleordersystem.SaleOrderSystemApplication - Started SaleOrderSystemApplication in 5.837 seconds (JVM running for 6.792)
2023-08-03 09:42:35.060 [http-nio-8080-exec-2] INFO  [,] o.a.c.c.C.[Tomcat].[localhost].[/benewake] - Initializing Spring DispatcherServlet 'dispatcherServlet'
2023-08-03 09:42:35.060 [http-nio-8080-exec-2] INFO  [,] org.springframework.web.servlet.DispatcherServlet - Initializing Servlet 'dispatcherServlet'
2023-08-03 09:42:35.070 [http-nio-8080-exec-2] INFO  [,] org.springframework.web.servlet.DispatcherServlet - Completed initialization in 10 ms
2023-08-03 09:42:35.149 [http-nio-8080-exec-2] INFO  [,] com.zaxxer.hikari.HikariDataSource - HikariPool-1 - Starting...
2023-08-03 09:42:35.290 [http-nio-8080-exec-2] INFO  [,] com.zaxxer.hikari.HikariDataSource - HikariPool-1 - Start completed.
2023-08-03 09:42:35.391 [http-nio-8080-exec-2] INFO  [,] com.benewake.saleordersystem.aspect.LogAspect - 用户[0:0:0:0:0:0:0:1],在[2023-08-03 09:08:35],访问了[com.benewake.saleordersystem.controller.NoticeController]的[findNotice]方法，参数为[[Notice(id=null, createUserId=null, message=这是一个通知！！, createTime=null, updateTime=null, deleted=null)]].
2023-08-03 09:43:20.045 [http-nio-8080-exec-3] INFO  [,] com.benewake.saleordersystem.aspect.LogAspect - 用户[0:0:0:0:0:0:0:1],在[2023-08-03 09:08:20],访问了[com.benewake.saleordersystem.controller.NoticeController]的[updateNotice]方法，参数为[[Notice(id=1686669015965003783, createUserId=null, message=这是一个修改通知！！, createTime=null, updateTime=null, deleted=null)]].
2023-08-03 09:52:56.520 [http-nio-8080-exec-6] INFO  [,] com.benewake.saleordersystem.aspect.LogAspect - 用户[0:0:0:0:0:0:0:1],在[2023-08-03 09:08:56],访问了[com.benewake.saleordersystem.controller.NoticeController]的[findNotice]方法，参数为[[Notice(id=1686669015965003783, createUserId=null, message=这是一个修改通知！！, createTime=null, updateTime=null, deleted=null)]].
2023-08-03 10:11:02.272 [http-nio-8080-exec-10] INFO  [,] com.benewake.saleordersystem.aspect.LogAspect - 用户[0:0:0:0:0:0:0:1],在[2023-08-03 10:08:02],访问了[com.benewake.saleordersystem.controller.SaleOrderController]的[selectList]方法，参数为[[FilterVo(tableId=1, viewId=-1, viewName=null, filterCriterias=[FilterCriteria(colName=state, condition=eq, value=0)], cols=null)]].
2023-08-03 10:11:02.302 [http-nio-8080-exec-10] INFO  [,] c.b.saleordersystem.aspect.TrackingTimeAspectj - Call method (public com.benewake.saleordersystem.utils.Result com.benewake.saleordersystem.controller.SaleOrderController.selectList(com.benewake.saleordersystem.entity.VO.FilterVo)) used time:24ms
2023-08-03 10:22:54.341 [SpringContextShutdownHook] INFO  [,] o.s.a.r.listener.SimpleMessageListenerContainer - Waiting for workers to finish.
2023-08-03 10:22:54.486 [SpringContextShutdownHook] INFO  [,] o.s.a.r.listener.SimpleMessageListenerContainer - Successfully waited for workers to finish.
2023-08-03 10:22:54.510 [SpringContextShutdownHook] INFO  [,] o.s.a.r.listener.SimpleMessageListenerContainer - Waiting for workers to finish.
2023-08-03 10:22:55.150 [SpringContextShutdownHook] INFO  [,] o.s.a.r.listener.SimpleMessageListenerContainer - Successfully waited for workers to finish.
2023-08-03 10:22:55.549 [SpringContextShutdownHook] INFO  [,] o.s.a.r.listener.SimpleMessageListenerContainer - Shutdown ignored - container is not active already
2023-08-03 10:22:55.549 [SpringContextShutdownHook] INFO  [,] o.s.a.r.listener.SimpleMessageListenerContainer - Shutdown ignored - container is not active already
2023-08-03 10:22:55.566 [SpringContextShutdownHook] INFO  [,] o.s.scheduling.concurrent.ThreadPoolTaskExecutor - Shutting down ExecutorService 'myThreadPoolTask'
2023-08-03 10:22:55.572 [SpringContextShutdownHook] INFO  [,] com.zaxxer.hikari.HikariDataSource - HikariPool-1 - Shutdown initiated...
2023-08-03 10:22:55.576 [SpringContextShutdownHook] INFO  [,] com.zaxxer.hikari.HikariDataSource - HikariPool-1 - Shutdown completed.
2023-08-03 10:43:14.847 [main] INFO  [,] c.b.s.ProdcerTopicsSpringbootApplicationTests - Starting ProdcerTopicsSpringbootApplicationTests on ATHQ-20221218UI with PID 18552 (started by Lcs in F:\study\javaProject\SaleOrderSystem)
2023-08-03 10:43:14.849 [main] INFO  [,] c.b.s.ProdcerTopicsSpringbootApplicationTests - No active profile set, falling back to default profiles: default
2023-08-03 10:43:20.587 [main] INFO  [,] o.s.scheduling.concurrent.ThreadPoolTaskExecutor - Initializing ExecutorService
2023-08-03 10:43:20.599 [main] INFO  [,] o.s.scheduling.concurrent.ThreadPoolTaskExecutor - Initializing ExecutorService 'myThreadPoolTask'
2023-08-03 10:43:22.467 [main] INFO  [,] o.s.a.rabbit.connection.CachingConnectionFactory - Attempting to connect to: [47.93.30.99:5672]
2023-08-03 10:43:22.572 [main] INFO  [,] o.s.a.rabbit.connection.CachingConnectionFactory - Created new connection: rabbitConnectionFactory#7b25ab31:0/SimpleConnection@35b3c1f6 [delegate=amqp://guest@47.93.30.99:5672/, localPort= 59820]
2023-08-03 10:43:22.763 [main] INFO  [,] c.b.s.ProdcerTopicsSpringbootApplicationTests - Started ProdcerTopicsSpringbootApplicationTests in 8.386 seconds (JVM running for 9.371)
2023-08-03 10:43:23.339 [SpringContextShutdownHook] INFO  [,] o.s.a.r.listener.SimpleMessageListenerContainer - Waiting for workers to finish.
2023-08-03 10:43:23.352 [SpringContextShutdownHook] INFO  [,] o.s.a.r.listener.SimpleMessageListenerContainer - Successfully waited for workers to finish.
2023-08-03 10:43:23.355 [SpringContextShutdownHook] INFO  [,] o.s.a.r.listener.SimpleMessageListenerContainer - Shutdown ignored - container is not active already
2023-08-03 10:43:23.356 [SpringContextShutdownHook] INFO  [,] o.s.scheduling.concurrent.ThreadPoolTaskExecutor - Shutting down ExecutorService 'myThreadPoolTask'
2023-08-03 11:04:09.119 [restartedMain] INFO  [,] c.b.saleordersystem.SaleOrderSystemApplication - Starting SaleOrderSystemApplication on ATHQ-20221218UI with PID 23312 (F:\study\javaProject\SaleOrderSystem\target\classes started by Lcs in F:\study\javaProject\SaleOrderSystem)
2023-08-03 11:04:09.121 [restartedMain] INFO  [,] c.b.saleordersystem.SaleOrderSystemApplication - No active profile set, falling back to default profiles: default
2023-08-03 11:04:09.168 [restartedMain] INFO  [,] o.s.b.d.env.DevToolsPropertyDefaultsPostProcessor - Devtools property defaults active! Set 'spring.devtools.add-properties' to 'false' to disable
2023-08-03 11:04:09.168 [restartedMain] INFO  [,] o.s.b.d.env.DevToolsPropertyDefaultsPostProcessor - For additional web related logging consider setting the 'logging.level.web' property to 'DEBUG'
2023-08-03 11:04:10.715 [restartedMain] INFO  [,] o.s.boot.web.embedded.tomcat.TomcatWebServer - Tomcat initialized with port(s): 8080 (http)
2023-08-03 11:04:10.724 [restartedMain] INFO  [,] org.apache.coyote.http11.Http11NioProtocol - Initializing ProtocolHandler ["http-nio-8080"]
2023-08-03 11:04:10.725 [restartedMain] INFO  [,] org.apache.catalina.core.StandardService - Starting service [Tomcat]
2023-08-03 11:04:10.725 [restartedMain] INFO  [,] org.apache.catalina.core.StandardEngine - Starting Servlet engine: [Apache Tomcat/9.0.41]
2023-08-03 11:04:10.810 [restartedMain] INFO  [,] o.a.c.c.C.[Tomcat].[localhost].[/benewake] - Initializing Spring embedded WebApplicationContext
2023-08-03 11:04:10.810 [restartedMain] INFO  [,] o.s.b.w.s.c.ServletWebServerApplicationContext - Root WebApplicationContext: initialization completed in 1642 ms
2023-08-03 11:04:13.260 [restartedMain] INFO  [,] o.s.scheduling.concurrent.ThreadPoolTaskExecutor - Initializing ExecutorService
2023-08-03 11:04:13.261 [restartedMain] INFO  [,] o.s.scheduling.concurrent.ThreadPoolTaskExecutor - Initializing ExecutorService 'myThreadPoolTask'
2023-08-03 11:04:13.401 [restartedMain] INFO  [,] o.s.b.d.autoconfigure.OptionalLiveReloadServer - LiveReload server is running on port 35729
2023-08-03 11:04:14.053 [restartedMain] INFO  [,] org.apache.coyote.http11.Http11NioProtocol - Starting ProtocolHandler ["http-nio-8080"]
2023-08-03 11:04:14.072 [restartedMain] INFO  [,] o.s.boot.web.embedded.tomcat.TomcatWebServer - Tomcat started on port(s): 8080 (http) with context path '/benewake'
2023-08-03 11:04:14.375 [restartedMain] INFO  [,] o.s.a.rabbit.connection.CachingConnectionFactory - Attempting to connect to: [47.93.30.99:5672]
2023-08-03 11:04:14.449 [restartedMain] INFO  [,] o.s.a.rabbit.connection.CachingConnectionFactory - Created new connection: rabbitConnectionFactory#2931684:0/SimpleConnection@58883d [delegate=amqp://guest@47.93.30.99:5672/, localPort= 61905]
2023-08-03 11:04:14.607 [restartedMain] INFO  [,] c.b.saleordersystem.SaleOrderSystemApplication - Started SaleOrderSystemApplication in 5.896 seconds (JVM running for 6.786)
2023-08-03 11:05:33.314 [http-nio-8080-exec-4] INFO  [,] o.a.c.c.C.[Tomcat].[localhost].[/benewake] - Initializing Spring DispatcherServlet 'dispatcherServlet'
2023-08-03 11:05:33.314 [http-nio-8080-exec-4] INFO  [,] org.springframework.web.servlet.DispatcherServlet - Initializing Servlet 'dispatcherServlet'
2023-08-03 11:05:33.324 [http-nio-8080-exec-4] INFO  [,] org.springframework.web.servlet.DispatcherServlet - Completed initialization in 9 ms
2023-08-03 11:05:33.403 [http-nio-8080-exec-4] INFO  [,] com.zaxxer.hikari.HikariDataSource - HikariPool-1 - Starting...
2023-08-03 11:05:33.545 [http-nio-8080-exec-4] INFO  [,] com.zaxxer.hikari.HikariDataSource - HikariPool-1 - Start completed.
2023-08-03 11:05:33.642 [http-nio-8080-exec-4] INFO  [,] com.benewake.saleordersystem.aspect.LogAspect - 用户[0:0:0:0:0:0:0:1],在[2023-08-03 11:08:33],访问了[com.benewake.saleordersystem.controller.ItemController]的[getlikeItemList]方法，参数为[[{itemCode=}]].
2023-08-03 11:06:08.428 [http-nio-8080-exec-3] INFO  [,] com.benewake.saleordersystem.aspect.LogAspect - 用户[0:0:0:0:0:0:0:1],在[2023-08-03 11:08:08],访问了[com.benewake.saleordersystem.controller.ItemController]的[getlikeItemList]方法，参数为[[{itemCode=整}]].
2023-08-03 11:06:14.406 [http-nio-8080-exec-2] INFO  [,] com.benewake.saleordersystem.aspect.LogAspect - 用户[0:0:0:0:0:0:0:1],在[2023-08-03 11:08:14],访问了[com.benewake.saleordersystem.controller.ItemController]的[getlikeItemList]方法，参数为[[{itemCode=10}]].
2023-08-03 11:34:53.509 [Thread-14] INFO  [,] o.s.a.r.listener.SimpleMessageListenerContainer - Waiting for workers to finish.
2023-08-03 11:34:53.919 [Thread-14] INFO  [,] o.s.a.r.listener.SimpleMessageListenerContainer - Successfully waited for workers to finish.
2023-08-03 11:34:54.336 [Thread-14] INFO  [,] o.s.a.r.listener.SimpleMessageListenerContainer - Shutdown ignored - container is not active already
2023-08-03 11:34:54.338 [Thread-14] INFO  [,] o.s.scheduling.concurrent.ThreadPoolTaskExecutor - Shutting down ExecutorService 'myThreadPoolTask'
2023-08-03 11:34:54.345 [Thread-14] INFO  [,] com.zaxxer.hikari.HikariDataSource - HikariPool-1 - Shutdown initiated...
2023-08-03 11:34:54.351 [Thread-14] INFO  [,] com.zaxxer.hikari.HikariDataSource - HikariPool-1 - Shutdown completed.
2023-08-03 11:34:54.596 [restartedMain] INFO  [,] c.b.saleordersystem.SaleOrderSystemApplication - Starting SaleOrderSystemApplication on ATHQ-20221218UI with PID 23312 (F:\study\javaProject\SaleOrderSystem\target\classes started by Lcs in F:\study\javaProject\SaleOrderSystem)
2023-08-03 11:34:54.596 [restartedMain] INFO  [,] c.b.saleordersystem.SaleOrderSystemApplication - No active profile set, falling back to default profiles: default
2023-08-03 11:34:55.187 [restartedMain] INFO  [,] o.s.boot.web.embedded.tomcat.TomcatWebServer - Tomcat initialized with port(s): 8080 (http)
2023-08-03 11:34:55.188 [restartedMain] INFO  [,] org.apache.coyote.http11.Http11NioProtocol - Initializing ProtocolHandler ["http-nio-8080"]
2023-08-03 11:34:55.188 [restartedMain] INFO  [,] org.apache.catalina.core.StandardService - Starting service [Tomcat]
2023-08-03 11:34:55.188 [restartedMain] INFO  [,] org.apache.catalina.core.StandardEngine - Starting Servlet engine: [Apache Tomcat/9.0.41]
2023-08-03 11:34:55.207 [restartedMain] INFO  [,] o.a.c.c.C.[Tomcat].[localhost].[/benewake] - Initializing Spring embedded WebApplicationContext
2023-08-03 11:34:55.207 [restartedMain] INFO  [,] o.s.b.w.s.c.ServletWebServerApplicationContext - Root WebApplicationContext: initialization completed in 608 ms
2023-08-03 11:34:56.438 [restartedMain] INFO  [,] o.s.scheduling.concurrent.ThreadPoolTaskExecutor - Initializing ExecutorService
2023-08-03 11:34:56.438 [restartedMain] INFO  [,] o.s.scheduling.concurrent.ThreadPoolTaskExecutor - Initializing ExecutorService 'myThreadPoolTask'
2023-08-03 11:34:56.555 [restartedMain] INFO  [,] o.s.b.d.autoconfigure.OptionalLiveReloadServer - LiveReload server is running on port 35729
2023-08-03 11:34:57.137 [restartedMain] INFO  [,] org.apache.coyote.http11.Http11NioProtocol - Starting ProtocolHandler ["http-nio-8080"]
2023-08-03 11:34:57.140 [restartedMain] INFO  [,] o.s.boot.web.embedded.tomcat.TomcatWebServer - Tomcat started on port(s): 8080 (http) with context path '/benewake'
2023-08-03 11:34:57.291 [restartedMain] INFO  [,] c.b.saleordersystem.SaleOrderSystemApplication - Started SaleOrderSystemApplication in 2.761 seconds (JVM running for 1849.47)
2023-08-03 11:34:57.296 [restartedMain] INFO  [,] o.s.b.d.a.ConditionEvaluationDeltaLoggingListener - Condition evaluation delta:


==========================
CONDITION EVALUATION DELTA
==========================


Positive matches:
-----------------

   RabbitAnnotationDrivenConfiguration#simpleRabbitListenerContainerFactory matched:
      - @ConditionalOnProperty (spring.rabbitmq.listener.type=simple) matched (OnPropertyCondition)
      - @ConditionalOnMissingBean (names: rabbitListenerContainerFactory; SearchStrategy: all) did not find any beans (OnBeanCondition)

   RabbitAutoConfiguration.RabbitTemplateConfiguration#rabbitTemplate matched:
      - @ConditionalOnSingleCandidate (types: org.springframework.amqp.rabbit.connection.ConnectionFactory; SearchStrategy: all) found a primary bean from beans 'rabbitConnectionFactory'; @ConditionalOnMissingBean (types: org.springframework.amqp.rabbit.core.RabbitOperations; SearchStrategy: all) did not find any beans (OnBeanCondition)


Negative matches:
-----------------

    None


Exclusions:
-----------

    None


Unconditional classes:
----------------------

    None



2023-08-03 11:34:59.657 [Thread-24] INFO  [,] o.s.scheduling.concurrent.ThreadPoolTaskExecutor - Shutting down ExecutorService 'myThreadPoolTask'
2023-08-03 11:34:59.871 [restartedMain] INFO  [,] c.b.saleordersystem.SaleOrderSystemApplication - Starting SaleOrderSystemApplication on ATHQ-20221218UI with PID 23312 (F:\study\javaProject\SaleOrderSystem\target\classes started by Lcs in F:\study\javaProject\SaleOrderSystem)
2023-08-03 11:34:59.871 [restartedMain] INFO  [,] c.b.saleordersystem.SaleOrderSystemApplication - No active profile set, falling back to default profiles: default
2023-08-03 11:35:00.021 [main] INFO  [,] c.b.s.ProdcerTopicsSpringbootApplicationTests - Starting ProdcerTopicsSpringbootApplicationTests on ATHQ-20221218UI with PID 4396 (started by Lcs in F:\study\javaProject\SaleOrderSystem)
2023-08-03 11:35:00.022 [main] INFO  [,] c.b.s.ProdcerTopicsSpringbootApplicationTests - No active profile set, falling back to default profiles: default
2023-08-03 11:35:00.335 [restartedMain] INFO  [,] o.s.boot.web.embedded.tomcat.TomcatWebServer - Tomcat initialized with port(s): 8080 (http)
2023-08-03 11:35:00.336 [restartedMain] INFO  [,] org.apache.coyote.http11.Http11NioProtocol - Initializing ProtocolHandler ["http-nio-8080"]
2023-08-03 11:35:00.336 [restartedMain] INFO  [,] org.apache.catalina.core.StandardService - Starting service [Tomcat]
2023-08-03 11:35:00.336 [restartedMain] INFO  [,] org.apache.catalina.core.StandardEngine - Starting Servlet engine: [Apache Tomcat/9.0.41]
2023-08-03 11:35:00.350 [restartedMain] INFO  [,] o.a.c.c.C.[Tomcat].[localhost].[/benewake] - Initializing Spring embedded WebApplicationContext
2023-08-03 11:35:00.350 [restartedMain] INFO  [,] o.s.b.w.s.c.ServletWebServerApplicationContext - Root WebApplicationContext: initialization completed in 475 ms
2023-08-03 11:35:01.322 [restartedMain] INFO  [,] o.s.scheduling.concurrent.ThreadPoolTaskExecutor - Initializing ExecutorService
2023-08-03 11:35:01.322 [restartedMain] INFO  [,] o.s.scheduling.concurrent.ThreadPoolTaskExecutor - Initializing ExecutorService 'myThreadPoolTask'
2023-08-03 11:35:01.403 [restartedMain] INFO  [,] o.s.b.d.autoconfigure.OptionalLiveReloadServer - LiveReload server is running on port 35729
2023-08-03 11:35:01.778 [restartedMain] INFO  [,] org.apache.coyote.http11.Http11NioProtocol - Starting ProtocolHandler ["http-nio-8080"]
2023-08-03 11:35:01.780 [restartedMain] INFO  [,] o.s.boot.web.embedded.tomcat.TomcatWebServer - Tomcat started on port(s): 8080 (http) with context path '/benewake'
2023-08-03 11:35:01.906 [restartedMain] INFO  [,] o.s.a.rabbit.connection.CachingConnectionFactory - Attempting to connect to: [47.93.30.99:5672]
2023-08-03 11:35:01.978 [restartedMain] INFO  [,] o.s.a.rabbit.connection.CachingConnectionFactory - Created new connection: rabbitConnectionFactory#41a6a311:0/SimpleConnection@4b01f0a3 [delegate=amqp://guest@47.93.30.99:5672/, localPort= 64668]
2023-08-03 11:35:02.128 [restartedMain] INFO  [,] c.b.saleordersystem.SaleOrderSystemApplication - Started SaleOrderSystemApplication in 2.298 seconds (JVM running for 1854.307)
2023-08-03 11:35:02.130 [restartedMain] INFO  [,] o.s.b.d.a.ConditionEvaluationDeltaLoggingListener - Condition evaluation delta:


==========================
CONDITION EVALUATION DELTA
==========================


Positive matches:
-----------------

    None


Negative matches:
-----------------

   RabbitAnnotationDrivenConfiguration#simpleRabbitListenerContainerFactory:
      Did not match:
         - @ConditionalOnMissingBean (names: rabbitListenerContainerFactory; SearchStrategy: all) found beans named rabbitListenerContainerFactory (OnBeanCondition)
      Matched:
         - @ConditionalOnProperty (spring.rabbitmq.listener.type=simple) matched (OnPropertyCondition)

   RabbitAutoConfiguration.RabbitTemplateConfiguration#rabbitTemplate:
      Did not match:
         - @ConditionalOnMissingBean (types: org.springframework.amqp.rabbit.core.RabbitOperations; SearchStrategy: all) found beans of type 'org.springframework.amqp.rabbit.core.RabbitOperations' rabbitTemplate (OnBeanCondition)


Exclusions:
-----------

    None


Unconditional classes:
----------------------

    None



2023-08-03 11:35:06.692 [main] INFO  [,] o.s.scheduling.concurrent.ThreadPoolTaskExecutor - Initializing ExecutorService
2023-08-03 11:35:06.705 [main] INFO  [,] o.s.scheduling.concurrent.ThreadPoolTaskExecutor - Initializing ExecutorService 'myThreadPoolTask'
2023-08-03 11:35:08.905 [main] INFO  [,] o.s.a.rabbit.connection.CachingConnectionFactory - Attempting to connect to: [47.93.30.99:5672]
2023-08-03 11:35:09.021 [main] INFO  [,] o.s.a.rabbit.connection.CachingConnectionFactory - Created new connection: rabbitConnectionFactory#7b25ab31:0/SimpleConnection@2a42019a [delegate=amqp://guest@47.93.30.99:5672/, localPort= 64676]
2023-08-03 11:35:09.198 [main] INFO  [,] c.b.s.ProdcerTopicsSpringbootApplicationTests - Started ProdcerTopicsSpringbootApplicationTests in 9.659 seconds (JVM running for 10.628)
2023-08-03 11:35:09.639 [SpringContextShutdownHook] INFO  [,] o.s.a.r.listener.SimpleMessageListenerContainer - Waiting for workers to finish.
2023-08-03 11:35:10.199 [SpringContextShutdownHook] INFO  [,] o.s.a.r.listener.SimpleMessageListenerContainer - Successfully waited for workers to finish.
2023-08-03 11:35:10.203 [SpringContextShutdownHook] INFO  [,] o.s.a.r.listener.SimpleMessageListenerContainer - Shutdown ignored - container is not active already
2023-08-03 11:35:10.203 [SpringContextShutdownHook] INFO  [,] o.s.scheduling.concurrent.ThreadPoolTaskExecutor - Shutting down ExecutorService 'myThreadPoolTask'
2023-08-03 11:36:53.595 [main] INFO  [,] c.b.s.ProdcerTopicsSpringbootApplicationTests - Starting ProdcerTopicsSpringbootApplicationTests on ATHQ-20221218UI with PID 11216 (started by Lcs in F:\study\javaProject\SaleOrderSystem)
2023-08-03 11:36:53.597 [main] INFO  [,] c.b.s.ProdcerTopicsSpringbootApplicationTests - No active profile set, falling back to default profiles: default
2023-08-03 11:37:01.432 [main] INFO  [,] o.s.scheduling.concurrent.ThreadPoolTaskExecutor - Initializing ExecutorService
2023-08-03 11:37:01.446 [main] INFO  [,] o.s.scheduling.concurrent.ThreadPoolTaskExecutor - Initializing ExecutorService 'myThreadPoolTask'
2023-08-03 11:37:04.068 [main] INFO  [,] o.s.a.rabbit.connection.CachingConnectionFactory - Attempting to connect to: [47.93.30.99:5672]
2023-08-03 11:37:04.177 [main] INFO  [,] o.s.a.rabbit.connection.CachingConnectionFactory - Created new connection: rabbitConnectionFactory#7b25ab31:0/SimpleConnection@2a42019a [delegate=amqp://guest@47.93.30.99:5672/, localPort= 64812]
2023-08-03 11:37:04.340 [main] INFO  [,] c.b.s.ProdcerTopicsSpringbootApplicationTests - Started ProdcerTopicsSpringbootApplicationTests in 11.3 seconds (JVM running for 12.589)
2023-08-03 11:37:04.876 [SpringContextShutdownHook] INFO  [,] o.s.a.r.listener.SimpleMessageListenerContainer - Waiting for workers to finish.
2023-08-03 11:37:05.332 [SpringContextShutdownHook] INFO  [,] o.s.a.r.listener.SimpleMessageListenerContainer - Successfully waited for workers to finish.
2023-08-03 11:37:05.335 [SpringContextShutdownHook] INFO  [,] o.s.a.r.listener.SimpleMessageListenerContainer - Shutdown ignored - container is not active already
2023-08-03 11:37:05.336 [SpringContextShutdownHook] INFO  [,] o.s.scheduling.concurrent.ThreadPoolTaskExecutor - Shutting down ExecutorService 'myThreadPoolTask'
2023-08-03 11:41:31.735 [Thread-29] INFO  [,] o.s.a.r.listener.SimpleMessageListenerContainer - Waiting for workers to finish.
2023-08-03 11:41:32.183 [Thread-29] INFO  [,] o.s.a.r.listener.SimpleMessageListenerContainer - Successfully waited for workers to finish.
2023-08-03 11:41:32.615 [Thread-29] INFO  [,] o.s.a.r.listener.SimpleMessageListenerContainer - Shutdown ignored - container is not active already
2023-08-03 11:41:32.616 [Thread-29] INFO  [,] o.s.scheduling.concurrent.ThreadPoolTaskExecutor - Shutting down ExecutorService 'myThreadPoolTask'
2023-08-03 11:41:32.948 [restartedMain] INFO  [,] c.b.saleordersystem.SaleOrderSystemApplication - Starting SaleOrderSystemApplication on ATHQ-20221218UI with PID 23312 (F:\study\javaProject\SaleOrderSystem\target\classes started by Lcs in F:\study\javaProject\SaleOrderSystem)
2023-08-03 11:41:32.949 [restartedMain] INFO  [,] c.b.saleordersystem.SaleOrderSystemApplication - No active profile set, falling back to default profiles: default
2023-08-03 11:41:33.496 [restartedMain] INFO  [,] o.s.boot.web.embedded.tomcat.TomcatWebServer - Tomcat initialized with port(s): 8080 (http)
2023-08-03 11:41:33.497 [restartedMain] INFO  [,] org.apache.coyote.http11.Http11NioProtocol - Initializing ProtocolHandler ["http-nio-8080"]
2023-08-03 11:41:33.497 [restartedMain] INFO  [,] org.apache.catalina.core.StandardService - Starting service [Tomcat]
2023-08-03 11:41:33.497 [restartedMain] INFO  [,] org.apache.catalina.core.StandardEngine - Starting Servlet engine: [Apache Tomcat/9.0.41]
2023-08-03 11:41:33.515 [restartedMain] INFO  [,] o.a.c.c.C.[Tomcat].[localhost].[/benewake] - Initializing Spring embedded WebApplicationContext
2023-08-03 11:41:33.515 [restartedMain] INFO  [,] o.s.b.w.s.c.ServletWebServerApplicationContext - Root WebApplicationContext: initialization completed in 563 ms
2023-08-03 11:41:34.727 [restartedMain] INFO  [,] o.s.scheduling.concurrent.ThreadPoolTaskExecutor - Initializing ExecutorService
2023-08-03 11:41:34.727 [restartedMain] INFO  [,] o.s.scheduling.concurrent.ThreadPoolTaskExecutor - Initializing ExecutorService 'myThreadPoolTask'
2023-08-03 11:41:34.836 [restartedMain] INFO  [,] o.s.b.d.autoconfigure.OptionalLiveReloadServer - LiveReload server is running on port 35729
2023-08-03 11:41:35.403 [restartedMain] INFO  [,] org.apache.coyote.http11.Http11NioProtocol - Starting ProtocolHandler ["http-nio-8080"]
2023-08-03 11:41:35.406 [restartedMain] INFO  [,] o.s.boot.web.embedded.tomcat.TomcatWebServer - Tomcat started on port(s): 8080 (http) with context path '/benewake'
2023-08-03 11:41:35.556 [restartedMain] INFO  [,] o.s.a.rabbit.connection.CachingConnectionFactory - Attempting to connect to: [47.93.30.99:5672]
2023-08-03 11:41:35.599 [restartedMain] INFO  [,] o.s.a.rabbit.connection.CachingConnectionFactory - Created new connection: rabbitConnectionFactory#3719b9f:0/SimpleConnection@15044b13 [delegate=amqp://guest@47.93.30.99:5672/, localPort= 65148]
2023-08-03 11:41:35.652 [restartedMain] INFO  [,] c.b.saleordersystem.SaleOrderSystemApplication - Started SaleOrderSystemApplication in 2.761 seconds (JVM running for 2247.832)
2023-08-03 11:41:35.655 [restartedMain] INFO  [,] o.s.b.d.a.ConditionEvaluationDeltaLoggingListener - Condition evaluation unchanged
2023-08-03 11:41:38.581 [Thread-34] INFO  [,] o.s.a.r.listener.SimpleMessageListenerContainer - Waiting for workers to finish.
2023-08-03 11:41:38.674 [Thread-34] INFO  [,] o.s.a.r.listener.SimpleMessageListenerContainer - Successfully waited for workers to finish.
2023-08-03 11:41:38.709 [main] INFO  [,] c.b.s.ProdcerTopicsSpringbootApplicationTests - Starting ProdcerTopicsSpringbootApplicationTests on ATHQ-20221218UI with PID 19412 (started by Lcs in F:\study\javaProject\SaleOrderSystem)
2023-08-03 11:41:38.710 [main] INFO  [,] c.b.s.ProdcerTopicsSpringbootApplicationTests - No active profile set, falling back to default profiles: default
2023-08-03 11:41:39.066 [Thread-34] INFO  [,] o.s.a.r.listener.SimpleMessageListenerContainer - Shutdown ignored - container is not active already
2023-08-03 11:41:39.067 [Thread-34] INFO  [,] o.s.scheduling.concurrent.ThreadPoolTaskExecutor - Shutting down ExecutorService 'myThreadPoolTask'
2023-08-03 11:41:39.369 [restartedMain] INFO  [,] c.b.saleordersystem.SaleOrderSystemApplication - Starting SaleOrderSystemApplication on ATHQ-20221218UI with PID 23312 (F:\study\javaProject\SaleOrderSystem\target\classes started by Lcs in F:\study\javaProject\SaleOrderSystem)
2023-08-03 11:41:39.369 [restartedMain] INFO  [,] c.b.saleordersystem.SaleOrderSystemApplication - No active profile set, falling back to default profiles: default
2023-08-03 11:41:39.796 [restartedMain] INFO  [,] o.s.boot.web.embedded.tomcat.TomcatWebServer - Tomcat initialized with port(s): 8080 (http)
2023-08-03 11:41:39.797 [restartedMain] INFO  [,] org.apache.coyote.http11.Http11NioProtocol - Initializing ProtocolHandler ["http-nio-8080"]
2023-08-03 11:41:39.797 [restartedMain] INFO  [,] org.apache.catalina.core.StandardService - Starting service [Tomcat]
2023-08-03 11:41:39.797 [restartedMain] INFO  [,] org.apache.catalina.core.StandardEngine - Starting Servlet engine: [Apache Tomcat/9.0.41]
2023-08-03 11:41:39.813 [restartedMain] INFO  [,] o.a.c.c.C.[Tomcat].[localhost].[/benewake] - Initializing Spring embedded WebApplicationContext
2023-08-03 11:41:39.813 [restartedMain] INFO  [,] o.s.b.w.s.c.ServletWebServerApplicationContext - Root WebApplicationContext: initialization completed in 442 ms
2023-08-03 11:41:40.949 [restartedMain] INFO  [,] o.s.scheduling.concurrent.ThreadPoolTaskExecutor - Initializing ExecutorService
2023-08-03 11:41:40.949 [restartedMain] INFO  [,] o.s.scheduling.concurrent.ThreadPoolTaskExecutor - Initializing ExecutorService 'myThreadPoolTask'
2023-08-03 11:41:41.048 [restartedMain] INFO  [,] o.s.b.d.autoconfigure.OptionalLiveReloadServer - LiveReload server is running on port 35729
2023-08-03 11:41:41.513 [restartedMain] INFO  [,] org.apache.coyote.http11.Http11NioProtocol - Starting ProtocolHandler ["http-nio-8080"]
2023-08-03 11:41:41.517 [restartedMain] INFO  [,] o.s.boot.web.embedded.tomcat.TomcatWebServer - Tomcat started on port(s): 8080 (http) with context path '/benewake'
2023-08-03 11:41:41.647 [restartedMain] INFO  [,] o.s.a.rabbit.connection.CachingConnectionFactory - Attempting to connect to: [47.93.30.99:5672]
2023-08-03 11:41:41.690 [restartedMain] INFO  [,] o.s.a.rabbit.connection.CachingConnectionFactory - Created new connection: rabbitConnectionFactory#5b31bf5f:0/SimpleConnection@30209080 [delegate=amqp://guest@47.93.30.99:5672/, localPort= 65203]
2023-08-03 11:41:41.798 [restartedMain] INFO  [,] c.b.saleordersystem.SaleOrderSystemApplication - Started SaleOrderSystemApplication in 2.466 seconds (JVM running for 2253.977)
2023-08-03 11:41:41.800 [restartedMain] INFO  [,] o.s.b.d.a.ConditionEvaluationDeltaLoggingListener - Condition evaluation unchanged
2023-08-03 11:41:44.593 [main] INFO  [,] o.s.scheduling.concurrent.ThreadPoolTaskExecutor - Initializing ExecutorService
2023-08-03 11:41:44.601 [main] INFO  [,] o.s.scheduling.concurrent.ThreadPoolTaskExecutor - Initializing ExecutorService 'myThreadPoolTask'
2023-08-03 11:41:47.077 [main] INFO  [,] o.s.a.rabbit.connection.CachingConnectionFactory - Attempting to connect to: [47.93.30.99:5672]
2023-08-03 11:41:47.185 [main] INFO  [,] o.s.a.rabbit.connection.CachingConnectionFactory - Created new connection: rabbitConnectionFactory#7b25ab31:0/SimpleConnection@2a42019a [delegate=amqp://guest@47.93.30.99:5672/, localPort= 65212]
2023-08-03 11:41:47.354 [main] INFO  [,] c.b.s.ProdcerTopicsSpringbootApplicationTests - Started ProdcerTopicsSpringbootApplicationTests in 9.063 seconds (JVM running for 10.025)
2023-08-03 11:41:47.859 [SpringContextShutdownHook] INFO  [,] o.s.a.r.listener.SimpleMessageListenerContainer - Waiting for workers to finish.
2023-08-03 11:41:48.347 [SpringContextShutdownHook] INFO  [,] o.s.a.r.listener.SimpleMessageListenerContainer - Successfully waited for workers to finish.
2023-08-03 11:41:48.351 [SpringContextShutdownHook] INFO  [,] o.s.a.r.listener.SimpleMessageListenerContainer - Shutdown ignored - container is not active already
2023-08-03 11:41:48.351 [SpringContextShutdownHook] INFO  [,] o.s.scheduling.concurrent.ThreadPoolTaskExecutor - Shutting down ExecutorService 'myThreadPoolTask'
2023-08-03 11:46:34.528 [SpringContextShutdownHook] INFO  [,] o.s.a.r.listener.SimpleMessageListenerContainer - Waiting for workers to finish.
2023-08-03 11:46:34.639 [SpringContextShutdownHook] INFO  [,] o.s.a.r.listener.SimpleMessageListenerContainer - Successfully waited for workers to finish.
2023-08-03 11:46:35.050 [SpringContextShutdownHook] INFO  [,] o.s.a.r.listener.SimpleMessageListenerContainer - Shutdown ignored - container is not active already
2023-08-03 11:46:35.050 [SpringContextShutdownHook] INFO  [,] o.s.scheduling.concurrent.ThreadPoolTaskExecutor - Shutting down ExecutorService 'myThreadPoolTask'
2023-08-03 11:46:42.229 [restartedMain] INFO  [,] c.b.saleordersystem.SaleOrderSystemApplication - Starting SaleOrderSystemApplication on ATHQ-20221218UI with PID 18556 (F:\study\javaProject\SaleOrderSystem\target\classes started by Lcs in F:\study\javaProject\SaleOrderSystem)
2023-08-03 11:46:42.231 [restartedMain] INFO  [,] c.b.saleordersystem.SaleOrderSystemApplication - No active profile set, falling back to default profiles: default
2023-08-03 11:46:42.279 [restartedMain] INFO  [,] o.s.b.d.env.DevToolsPropertyDefaultsPostProcessor - Devtools property defaults active! Set 'spring.devtools.add-properties' to 'false' to disable
2023-08-03 11:46:42.279 [restartedMain] INFO  [,] o.s.b.d.env.DevToolsPropertyDefaultsPostProcessor - For additional web related logging consider setting the 'logging.level.web' property to 'DEBUG'
2023-08-03 11:46:43.825 [restartedMain] INFO  [,] o.s.boot.web.embedded.tomcat.TomcatWebServer - Tomcat initialized with port(s): 8080 (http)
2023-08-03 11:46:43.835 [restartedMain] INFO  [,] org.apache.coyote.http11.Http11NioProtocol - Initializing ProtocolHandler ["http-nio-8080"]
2023-08-03 11:46:43.835 [restartedMain] INFO  [,] org.apache.catalina.core.StandardService - Starting service [Tomcat]
2023-08-03 11:46:43.835 [restartedMain] INFO  [,] org.apache.catalina.core.StandardEngine - Starting Servlet engine: [Apache Tomcat/9.0.41]
2023-08-03 11:46:43.909 [restartedMain] INFO  [,] o.a.c.c.C.[Tomcat].[localhost].[/benewake] - Initializing Spring embedded WebApplicationContext
2023-08-03 11:46:43.909 [restartedMain] INFO  [,] o.s.b.w.s.c.ServletWebServerApplicationContext - Root WebApplicationContext: initialization completed in 1629 ms
2023-08-03 11:46:46.342 [restartedMain] INFO  [,] o.s.scheduling.concurrent.ThreadPoolTaskExecutor - Initializing ExecutorService
2023-08-03 11:46:46.343 [restartedMain] INFO  [,] o.s.scheduling.concurrent.ThreadPoolTaskExecutor - Initializing ExecutorService 'myThreadPoolTask'
2023-08-03 11:46:46.501 [restartedMain] INFO  [,] o.s.b.d.autoconfigure.OptionalLiveReloadServer - LiveReload server is running on port 35729
2023-08-03 11:46:47.171 [restartedMain] INFO  [,] org.apache.coyote.http11.Http11NioProtocol - Starting ProtocolHandler ["http-nio-8080"]
2023-08-03 11:46:47.190 [restartedMain] INFO  [,] o.s.boot.web.embedded.tomcat.TomcatWebServer - Tomcat started on port(s): 8080 (http) with context path '/benewake'
2023-08-03 11:46:47.502 [restartedMain] INFO  [,] o.s.a.rabbit.connection.CachingConnectionFactory - Attempting to connect to: [47.93.30.99:5672]
2023-08-03 11:46:47.593 [restartedMain] INFO  [,] o.s.a.rabbit.connection.CachingConnectionFactory - Created new connection: rabbitConnectionFactory#5445415d:0/SimpleConnection@7f334977 [delegate=amqp://guest@47.93.30.99:5672/, localPort= 49569]
2023-08-03 11:46:47.812 [restartedMain] INFO  [,] c.b.saleordersystem.SaleOrderSystemApplication - Started SaleOrderSystemApplication in 5.995 seconds (JVM running for 6.885)
2023-08-03 11:47:50.636 [http-nio-8080-exec-1] INFO  [,] o.a.c.c.C.[Tomcat].[localhost].[/benewake] - Initializing Spring DispatcherServlet 'dispatcherServlet'
2023-08-03 11:47:50.636 [http-nio-8080-exec-1] INFO  [,] org.springframework.web.servlet.DispatcherServlet - Initializing Servlet 'dispatcherServlet'
2023-08-03 11:47:50.648 [http-nio-8080-exec-1] INFO  [,] org.springframework.web.servlet.DispatcherServlet - Completed initialization in 12 ms
2023-08-03 11:47:50.727 [http-nio-8080-exec-1] INFO  [,] com.zaxxer.hikari.HikariDataSource - HikariPool-1 - Starting...
2023-08-03 11:47:50.869 [http-nio-8080-exec-1] INFO  [,] com.zaxxer.hikari.HikariDataSource - HikariPool-1 - Start completed.
2023-08-03 11:47:50.935 [http-nio-8080-exec-1] INFO  [,] com.benewake.saleordersystem.aspect.LogAspect - 用户[0:0:0:0:0:0:0:1],在[2023-08-03 11:08:50],访问了[com.benewake.saleordersystem.controller.ConsumerTestController]的[sendMessage]方法，参数为[[消费者测试]].
2023-08-03 11:48:11.825 [http-nio-8080-exec-10] INFO  [,] com.benewake.saleordersystem.aspect.LogAspect - 用户[0:0:0:0:0:0:0:1],在[2023-08-03 11:08:11],访问了[com.benewake.saleordersystem.controller.ConsumerTestController]的[sendMessage]方法，参数为[[这是一条消息！！！]].
2023-08-03 11:51:18.782 [SpringContextShutdownHook] INFO  [,] o.s.a.r.listener.SimpleMessageListenerContainer - Waiting for workers to finish.
2023-08-03 11:51:19.507 [SpringContextShutdownHook] INFO  [,] o.s.a.r.listener.SimpleMessageListenerContainer - Successfully waited for workers to finish.
2023-08-03 11:51:19.908 [SpringContextShutdownHook] INFO  [,] o.s.a.r.listener.SimpleMessageListenerContainer - Shutdown ignored - container is not active already
2023-08-03 11:51:19.909 [SpringContextShutdownHook] INFO  [,] o.s.scheduling.concurrent.ThreadPoolTaskExecutor - Shutting down ExecutorService 'myThreadPoolTask'
2023-08-03 11:51:19.916 [SpringContextShutdownHook] INFO  [,] com.zaxxer.hikari.HikariDataSource - HikariPool-1 - Shutdown initiated...
2023-08-03 11:51:19.922 [SpringContextShutdownHook] INFO  [,] com.zaxxer.hikari.HikariDataSource - HikariPool-1 - Shutdown completed.
2023-08-03 17:01:29.016 [restartedMain] INFO  [,] c.b.saleordersystem.SaleOrderSystemApplication - Starting SaleOrderSystemApplication on ATHQ-20221218UI with PID 29704 (F:\study\javaProject\SaleOrderSystem\target\classes started by Lcs in F:\study\javaProject\SaleOrderSystem)
2023-08-03 17:01:29.030 [restartedMain] INFO  [,] c.b.saleordersystem.SaleOrderSystemApplication - No active profile set, falling back to default profiles: default
2023-08-03 17:01:29.073 [restartedMain] INFO  [,] o.s.b.d.env.DevToolsPropertyDefaultsPostProcessor - Devtools property defaults active! Set 'spring.devtools.add-properties' to 'false' to disable
2023-08-03 17:01:29.073 [restartedMain] INFO  [,] o.s.b.d.env.DevToolsPropertyDefaultsPostProcessor - For additional web related logging consider setting the 'logging.level.web' property to 'DEBUG'
2023-08-03 17:01:30.656 [restartedMain] INFO  [,] o.s.boot.web.embedded.tomcat.TomcatWebServer - Tomcat initialized with port(s): 8080 (http)
2023-08-03 17:01:30.664 [restartedMain] INFO  [,] org.apache.coyote.http11.Http11NioProtocol - Initializing ProtocolHandler ["http-nio-8080"]
2023-08-03 17:01:30.664 [restartedMain] INFO  [,] org.apache.catalina.core.StandardService - Starting service [Tomcat]
2023-08-03 17:01:30.664 [restartedMain] INFO  [,] org.apache.catalina.core.StandardEngine - Starting Servlet engine: [Apache Tomcat/9.0.41]
2023-08-03 17:01:30.745 [restartedMain] INFO  [,] o.a.c.c.C.[Tomcat].[localhost].[/benewake] - Initializing Spring embedded WebApplicationContext
2023-08-03 17:01:30.745 [restartedMain] INFO  [,] o.s.b.w.s.c.ServletWebServerApplicationContext - Root WebApplicationContext: initialization completed in 1671 ms
2023-08-03 17:01:33.188 [restartedMain] INFO  [,] o.s.scheduling.concurrent.ThreadPoolTaskExecutor - Initializing ExecutorService
2023-08-03 17:01:33.189 [restartedMain] INFO  [,] o.s.scheduling.concurrent.ThreadPoolTaskExecutor - Initializing ExecutorService 'myThreadPoolTask'
2023-08-03 17:01:33.340 [restartedMain] INFO  [,] o.s.b.d.autoconfigure.OptionalLiveReloadServer - LiveReload server is running on port 35729
2023-08-03 17:01:34.306 [restartedMain] INFO  [,] org.apache.coyote.http11.Http11NioProtocol - Starting ProtocolHandler ["http-nio-8080"]
2023-08-03 17:01:34.328 [restartedMain] INFO  [,] o.s.boot.web.embedded.tomcat.TomcatWebServer - Tomcat started on port(s): 8080 (http) with context path '/benewake'
2023-08-03 17:01:34.654 [restartedMain] INFO  [,] o.s.a.rabbit.connection.CachingConnectionFactory - Attempting to connect to: [47.93.30.99:5672]
2023-08-03 17:01:34.736 [restartedMain] INFO  [,] o.s.a.rabbit.connection.CachingConnectionFactory - Created new connection: rabbitConnectionFactory#5445415d:0/SimpleConnection@6ed8ad90 [delegate=amqp://guest@47.93.30.99:5672/, localPort= 49902]
2023-08-03 17:01:34.893 [restartedMain] INFO  [,] c.b.saleordersystem.SaleOrderSystemApplication - Started SaleOrderSystemApplication in 6.297 seconds (JVM running for 7.32)
2023-08-03 17:02:03.503 [http-nio-8080-exec-1] INFO  [,] o.a.c.c.C.[Tomcat].[localhost].[/benewake] - Initializing Spring DispatcherServlet 'dispatcherServlet'
2023-08-03 17:02:03.503 [http-nio-8080-exec-1] INFO  [,] org.springframework.web.servlet.DispatcherServlet - Initializing Servlet 'dispatcherServlet'
2023-08-03 17:02:03.514 [http-nio-8080-exec-1] INFO  [,] org.springframework.web.servlet.DispatcherServlet - Completed initialization in 11 ms
2023-08-03 17:02:03.597 [http-nio-8080-exec-1] INFO  [,] com.zaxxer.hikari.HikariDataSource - HikariPool-1 - Starting...
2023-08-03 17:02:03.762 [http-nio-8080-exec-1] INFO  [,] com.zaxxer.hikari.HikariDataSource - HikariPool-1 - Start completed.
2023-08-03 17:02:03.887 [http-nio-8080-exec-1] INFO  [,] com.benewake.saleordersystem.aspect.LogAspect - 用户[0:0:0:0:0:0:0:1],在[2023-08-03 17:08:03],访问了[com.benewake.saleordersystem.controller.SaleOrderController]的[addInquiries]方法，参数为[[StartInquiryVo(inquiryList=[Inquiry(inquiryId=null, inquiryCode=null, state=null, createdTime=null, createdUser=null, salesmanId=1, itemId=1, customerId=9, saleNum=1, expectedTime=Tue Aug 01 00:00:00 GMT+08:00 2023, arrangedTime=null, inquiryType=5, remark=)], startInquiry=0)]].
2023-08-03 17:02:15.336 [http-nio-8080-exec-3] INFO  [,] com.benewake.saleordersystem.aspect.LogAspect - 用户[0:0:0:0:0:0:0:1],在[2023-08-03 17:08:15],访问了[com.benewake.saleordersystem.controller.SaleOrderController]的[addInquiries]方法，参数为[[StartInquiryVo(inquiryList=[Inquiry(inquiryId=null, inquiryCode=null, state=null, createdTime=null, createdUser=null, salesmanId=1, itemId=1, customerId=9, saleNum=1, expectedTime=Fri Aug 04 00:00:00 GMT+08:00 2023, arrangedTime=null, inquiryType=5, remark=)], startInquiry=0)]].
2023-08-03 17:04:13.388 [http-nio-8080-exec-6] INFO  [,] com.benewake.saleordersystem.aspect.LogAspect - 用户[0:0:0:0:0:0:0:1],在[2023-08-03 17:08:13],访问了[com.benewake.saleordersystem.controller.SaleOrderController]的[addInquiries]方法，参数为[[StartInquiryVo(inquiryList=[Inquiry(inquiryId=null, inquiryCode=null, state=null, createdTime=null, createdUser=null, salesmanId=1, itemId=1, customerId=9, saleNum=1, expectedTime=Fri Aug 04 00:00:00 GMT+08:00 2023, arrangedTime=null, inquiryType=4, remark=)], startInquiry=0)]].
2023-08-03 17:28:32.054 [SpringContextShutdownHook] INFO  [,] o.s.a.r.listener.SimpleMessageListenerContainer - Waiting for workers to finish.
2023-08-03 17:28:32.654 [SpringContextShutdownHook] INFO  [,] o.s.a.r.listener.SimpleMessageListenerContainer - Successfully waited for workers to finish.
2023-08-03 17:28:33.056 [SpringContextShutdownHook] INFO  [,] o.s.a.r.listener.SimpleMessageListenerContainer - Shutdown ignored - container is not active already
2023-08-03 17:28:33.057 [SpringContextShutdownHook] INFO  [,] o.s.scheduling.concurrent.ThreadPoolTaskExecutor - Shutting down ExecutorService 'myThreadPoolTask'
2023-08-03 17:28:33.064 [SpringContextShutdownHook] INFO  [,] com.zaxxer.hikari.HikariDataSource - HikariPool-1 - Shutdown initiated...
2023-08-03 17:28:33.070 [SpringContextShutdownHook] INFO  [,] com.zaxxer.hikari.HikariDataSource - HikariPool-1 - Shutdown completed.
2023-08-03 17:28:42.226 [restartedMain] INFO  [,] c.b.saleordersystem.SaleOrderSystemApplication - Starting SaleOrderSystemApplication on ATHQ-20221218UI with PID 31128 (F:\study\javaProject\SaleOrderSystem\target\classes started by Lcs in F:\study\javaProject\SaleOrderSystem)
2023-08-03 17:28:42.228 [restartedMain] INFO  [,] c.b.saleordersystem.SaleOrderSystemApplication - No active profile set, falling back to default profiles: default
2023-08-03 17:28:42.273 [restartedMain] INFO  [,] o.s.b.d.env.DevToolsPropertyDefaultsPostProcessor - Devtools property defaults active! Set 'spring.devtools.add-properties' to 'false' to disable
2023-08-03 17:28:42.273 [restartedMain] INFO  [,] o.s.b.d.env.DevToolsPropertyDefaultsPostProcessor - For additional web related logging consider setting the 'logging.level.web' property to 'DEBUG'
2023-08-03 17:28:43.773 [restartedMain] INFO  [,] o.s.boot.web.embedded.tomcat.TomcatWebServer - Tomcat initialized with port(s): 8080 (http)
2023-08-03 17:28:43.781 [restartedMain] INFO  [,] org.apache.coyote.http11.Http11NioProtocol - Initializing ProtocolHandler ["http-nio-8080"]
2023-08-03 17:28:43.782 [restartedMain] INFO  [,] org.apache.catalina.core.StandardService - Starting service [Tomcat]
2023-08-03 17:28:43.782 [restartedMain] INFO  [,] org.apache.catalina.core.StandardEngine - Starting Servlet engine: [Apache Tomcat/9.0.41]
2023-08-03 17:28:43.855 [restartedMain] INFO  [,] o.a.c.c.C.[Tomcat].[localhost].[/benewake] - Initializing Spring embedded WebApplicationContext
2023-08-03 17:28:43.856 [restartedMain] INFO  [,] o.s.b.w.s.c.ServletWebServerApplicationContext - Root WebApplicationContext: initialization completed in 1582 ms
2023-08-03 17:28:46.271 [restartedMain] INFO  [,] o.s.scheduling.concurrent.ThreadPoolTaskExecutor - Initializing ExecutorService
2023-08-03 17:28:46.273 [restartedMain] INFO  [,] o.s.scheduling.concurrent.ThreadPoolTaskExecutor - Initializing ExecutorService 'myThreadPoolTask'
2023-08-03 17:28:46.415 [restartedMain] INFO  [,] o.s.b.d.autoconfigure.OptionalLiveReloadServer - LiveReload server is running on port 35729
2023-08-03 17:28:47.044 [restartedMain] INFO  [,] org.apache.coyote.http11.Http11NioProtocol - Starting ProtocolHandler ["http-nio-8080"]
2023-08-03 17:28:47.063 [restartedMain] INFO  [,] o.s.boot.web.embedded.tomcat.TomcatWebServer - Tomcat started on port(s): 8080 (http) with context path '/benewake'
2023-08-03 17:28:47.378 [restartedMain] INFO  [,] o.s.a.rabbit.connection.CachingConnectionFactory - Attempting to connect to: [47.93.30.99:5672]
2023-08-03 17:28:47.442 [restartedMain] INFO  [,] o.s.a.rabbit.connection.CachingConnectionFactory - Created new connection: rabbitConnectionFactory#32db28bd:0/SimpleConnection@5703ed90 [delegate=amqp://guest@47.93.30.99:5672/, localPort= 52085]
2023-08-03 17:28:47.602 [restartedMain] INFO  [,] c.b.saleordersystem.SaleOrderSystemApplication - Started SaleOrderSystemApplication in 5.767 seconds (JVM running for 7.098)
2023-08-03 17:29:39.668 [http-nio-8080-exec-1] INFO  [,] o.a.c.c.C.[Tomcat].[localhost].[/benewake] - Initializing Spring DispatcherServlet 'dispatcherServlet'
2023-08-03 17:29:39.669 [http-nio-8080-exec-1] INFO  [,] org.springframework.web.servlet.DispatcherServlet - Initializing Servlet 'dispatcherServlet'
2023-08-03 17:29:39.678 [http-nio-8080-exec-1] INFO  [,] org.springframework.web.servlet.DispatcherServlet - Completed initialization in 9 ms
2023-08-03 17:29:39.756 [http-nio-8080-exec-1] INFO  [,] com.zaxxer.hikari.HikariDataSource - HikariPool-1 - Starting...
2023-08-03 17:29:39.898 [http-nio-8080-exec-1] INFO  [,] com.zaxxer.hikari.HikariDataSource - HikariPool-1 - Start completed.
2023-08-03 17:33:03.666 [http-nio-8080-exec-7] INFO  [,] com.benewake.saleordersystem.aspect.LogAspect - 用户[0:0:0:0:0:0:0:1],在[2023-08-03 17:08:03],访问了[com.benewake.saleordersystem.controller.SaleOrderController]的[addOrdersByExcel]方法，参数为[[org.springframework.web.multipart.support.StandardMultipartHttpServletRequest$StandardMultipartFile@366d8d2f]].
2023-08-03 17:33:04.390 [http-nio-8080-exec-7] INFO  [,] c.b.saleordersystem.aspect.TrackingTimeAspectj - Call method (public java.util.Map com.benewake.saleordersystem.service.impl.InquiryServiceImpl.saveDataByExcel(org.springframework.web.multipart.MultipartFile)) used time:715ms
2023-08-03 17:34:05.066 [http-nio-8080-exec-10] INFO  [,] com.benewake.saleordersystem.aspect.LogAspect - 用户[0:0:0:0:0:0:0:1],在[2023-08-03 17:08:05],访问了[com.benewake.saleordersystem.controller.SaleOrderController]的[addOrdersByExcel]方法，参数为[[org.springframework.web.multipart.support.StandardMultipartHttpServletRequest$StandardMultipartFile@5bc81a46]].
2023-08-03 17:34:05.099 [http-nio-8080-exec-10] INFO  [,] c.b.saleordersystem.aspect.TrackingTimeAspectj - Call method (public java.util.Map com.benewake.saleordersystem.service.impl.InquiryServiceImpl.saveDataByExcel(org.springframework.web.multipart.MultipartFile)) used time:33ms
2023-08-03 17:38:39.560 [http-nio-8080-exec-1] INFO  [,] com.benewake.saleordersystem.aspect.LogAspect - 用户[0:0:0:0:0:0:0:1],在[2023-08-03 17:08:39],访问了[com.benewake.saleordersystem.controller.SaleOrderController]的[addOrdersByExcel]方法，参数为[[org.springframework.web.multipart.support.StandardMultipartHttpServletRequest$StandardMultipartFile@2c30cee]].
2023-08-03 17:38:39.589 [http-nio-8080-exec-1] INFO  [,] c.b.saleordersystem.aspect.TrackingTimeAspectj - Call method (public java.util.Map com.benewake.saleordersystem.service.impl.InquiryServiceImpl.saveDataByExcel(org.springframework.web.multipart.MultipartFile)) used time:29ms
2023-08-03 17:40:00.792 [http-nio-8080-exec-2] INFO  [,] com.benewake.saleordersystem.aspect.LogAspect - 用户[0:0:0:0:0:0:0:1],在[2023-08-03 17:08:00],访问了[com.benewake.saleordersystem.controller.SaleOrderController]的[addOrdersByExcel]方法，参数为[[org.springframework.web.multipart.support.StandardMultipartHttpServletRequest$StandardMultipartFile@7d1d8aa3]].
2023-08-03 17:40:00.818 [http-nio-8080-exec-2] INFO  [,] c.b.saleordersystem.aspect.TrackingTimeAspectj - Call method (public java.util.Map com.benewake.saleordersystem.service.impl.InquiryServiceImpl.saveDataByExcel(org.springframework.web.multipart.MultipartFile)) used time:26ms
2023-08-03 17:43:14.896 [SpringContextShutdownHook] INFO  [,] o.s.a.r.listener.SimpleMessageListenerContainer - Waiting for workers to finish.
2023-08-03 17:43:15.560 [SpringContextShutdownHook] INFO  [,] o.s.a.r.listener.SimpleMessageListenerContainer - Successfully waited for workers to finish.
2023-08-03 17:43:15.960 [SpringContextShutdownHook] INFO  [,] o.s.a.r.listener.SimpleMessageListenerContainer - Shutdown ignored - container is not active already
2023-08-03 17:43:15.962 [SpringContextShutdownHook] INFO  [,] o.s.scheduling.concurrent.ThreadPoolTaskExecutor - Shutting down ExecutorService 'myThreadPoolTask'
2023-08-03 17:43:15.968 [SpringContextShutdownHook] INFO  [,] com.zaxxer.hikari.HikariDataSource - HikariPool-1 - Shutdown initiated...
2023-08-03 17:43:15.975 [SpringContextShutdownHook] INFO  [,] com.zaxxer.hikari.HikariDataSource - HikariPool-1 - Shutdown completed.
2023-08-03 17:43:26.369 [restartedMain] INFO  [,] c.b.saleordersystem.SaleOrderSystemApplication - Starting SaleOrderSystemApplication on ATHQ-20221218UI with PID 32304 (F:\study\javaProject\SaleOrderSystem\target\classes started by Lcs in F:\study\javaProject\SaleOrderSystem)
2023-08-03 17:43:26.371 [restartedMain] INFO  [,] c.b.saleordersystem.SaleOrderSystemApplication - No active profile set, falling back to default profiles: default
2023-08-03 17:43:26.418 [restartedMain] INFO  [,] o.s.b.d.env.DevToolsPropertyDefaultsPostProcessor - Devtools property defaults active! Set 'spring.devtools.add-properties' to 'false' to disable
2023-08-03 17:43:26.418 [restartedMain] INFO  [,] o.s.b.d.env.DevToolsPropertyDefaultsPostProcessor - For additional web related logging consider setting the 'logging.level.web' property to 'DEBUG'
2023-08-03 17:43:27.957 [restartedMain] INFO  [,] o.s.boot.web.embedded.tomcat.TomcatWebServer - Tomcat initialized with port(s): 8080 (http)
2023-08-03 17:43:27.965 [restartedMain] INFO  [,] org.apache.coyote.http11.Http11NioProtocol - Initializing ProtocolHandler ["http-nio-8080"]
2023-08-03 17:43:27.966 [restartedMain] INFO  [,] org.apache.catalina.core.StandardService - Starting service [Tomcat]
2023-08-03 17:43:27.966 [restartedMain] INFO  [,] org.apache.catalina.core.StandardEngine - Starting Servlet engine: [Apache Tomcat/9.0.41]
2023-08-03 17:43:28.044 [restartedMain] INFO  [,] o.a.c.c.C.[Tomcat].[localhost].[/benewake] - Initializing Spring embedded WebApplicationContext
2023-08-03 17:43:28.044 [restartedMain] INFO  [,] o.s.b.w.s.c.ServletWebServerApplicationContext - Root WebApplicationContext: initialization completed in 1625 ms
2023-08-03 17:43:30.561 [restartedMain] INFO  [,] o.s.scheduling.concurrent.ThreadPoolTaskExecutor - Initializing ExecutorService
2023-08-03 17:43:30.562 [restartedMain] INFO  [,] o.s.scheduling.concurrent.ThreadPoolTaskExecutor - Initializing ExecutorService 'myThreadPoolTask'
2023-08-03 17:43:30.694 [restartedMain] INFO  [,] o.s.b.d.autoconfigure.OptionalLiveReloadServer - LiveReload server is running on port 35729
2023-08-03 17:43:31.347 [restartedMain] INFO  [,] org.apache.coyote.http11.Http11NioProtocol - Starting ProtocolHandler ["http-nio-8080"]
2023-08-03 17:43:31.367 [restartedMain] INFO  [,] o.s.boot.web.embedded.tomcat.TomcatWebServer - Tomcat started on port(s): 8080 (http) with context path '/benewake'
2023-08-03 17:43:31.677 [restartedMain] INFO  [,] o.s.a.rabbit.connection.CachingConnectionFactory - Attempting to connect to: [47.93.30.99:5672]
2023-08-03 17:43:31.747 [restartedMain] INFO  [,] o.s.a.rabbit.connection.CachingConnectionFactory - Created new connection: rabbitConnectionFactory#5445415d:0/SimpleConnection@6ed8ad90 [delegate=amqp://guest@47.93.30.99:5672/, localPort= 53400]
2023-08-03 17:43:31.888 [restartedMain] INFO  [,] c.b.saleordersystem.SaleOrderSystemApplication - Started SaleOrderSystemApplication in 5.925 seconds (JVM running for 6.889)
2023-08-03 17:43:37.709 [http-nio-8080-exec-2] INFO  [,] o.a.c.c.C.[Tomcat].[localhost].[/benewake] - Initializing Spring DispatcherServlet 'dispatcherServlet'
2023-08-03 17:43:37.710 [http-nio-8080-exec-2] INFO  [,] org.springframework.web.servlet.DispatcherServlet - Initializing Servlet 'dispatcherServlet'
2023-08-03 17:43:37.720 [http-nio-8080-exec-2] INFO  [,] org.springframework.web.servlet.DispatcherServlet - Completed initialization in 10 ms
2023-08-03 17:43:37.818 [http-nio-8080-exec-2] INFO  [,] com.zaxxer.hikari.HikariDataSource - HikariPool-1 - Starting...
2023-08-03 17:43:37.955 [http-nio-8080-exec-2] INFO  [,] com.zaxxer.hikari.HikariDataSource - HikariPool-1 - Start completed.
2023-08-03 17:43:38.020 [http-nio-8080-exec-2] INFO  [,] com.benewake.saleordersystem.aspect.LogAspect - 用户[0:0:0:0:0:0:0:1],在[2023-08-03 17:08:38],访问了[com.benewake.saleordersystem.controller.SaleOrderController]的[addOrdersByExcel]方法，参数为[[org.springframework.web.multipart.support.StandardMultipartHttpServletRequest$StandardMultipartFile@5c776cfc]].
2023-08-03 17:43:38.630 [http-nio-8080-exec-2] INFO  [,] c.b.saleordersystem.aspect.TrackingTimeAspectj - Call method (public java.util.Map com.benewake.saleordersystem.service.impl.InquiryServiceImpl.saveDataByExcel(org.springframework.web.multipart.MultipartFile)) used time:601ms
2023-08-03 17:44:08.295 [http-nio-8080-exec-8] INFO  [,] com.benewake.saleordersystem.aspect.LogAspect - 用户[0:0:0:0:0:0:0:1],在[2023-08-03 17:08:08],访问了[com.benewake.saleordersystem.controller.SaleOrderController]的[addOrdersByExcel]方法，参数为[[org.springframework.web.multipart.support.StandardMultipartHttpServletRequest$StandardMultipartFile@5c2d03e0]].
2023-08-03 17:44:08.335 [http-nio-8080-exec-8] INFO  [,] c.b.saleordersystem.aspect.TrackingTimeAspectj - Call method (public java.util.Map com.benewake.saleordersystem.service.impl.InquiryServiceImpl.saveDataByExcel(org.springframework.web.multipart.MultipartFile)) used time:40ms
2023-08-03 17:44:19.603 [http-nio-8080-exec-4] INFO  [,] com.benewake.saleordersystem.aspect.LogAspect - 用户[0:0:0:0:0:0:0:1],在[2023-08-03 17:08:19],访问了[com.benewake.saleordersystem.controller.SaleOrderController]的[addOrdersByExcel]方法，参数为[[org.springframework.web.multipart.support.StandardMultipartHttpServletRequest$StandardMultipartFile@6f266632]].
2023-08-03 17:44:19.645 [http-nio-8080-exec-4] INFO  [,] c.b.saleordersystem.aspect.TrackingTimeAspectj - Call method (public java.util.Map com.benewake.saleordersystem.service.impl.InquiryServiceImpl.saveDataByExcel(org.springframework.web.multipart.MultipartFile)) used time:41ms
2023-08-03 17:45:13.770 [http-nio-8080-exec-5] INFO  [,] com.benewake.saleordersystem.aspect.LogAspect - 用户[0:0:0:0:0:0:0:1],在[2023-08-03 17:08:13],访问了[com.benewake.saleordersystem.controller.SaleOrderController]的[addOrdersByExcel]方法，参数为[[org.springframework.web.multipart.support.StandardMultipartHttpServletRequest$StandardMultipartFile@63a4ab3]].
2023-08-03 17:45:13.803 [http-nio-8080-exec-5] INFO  [,] c.b.saleordersystem.aspect.TrackingTimeAspectj - Call method (public java.util.Map com.benewake.saleordersystem.service.impl.InquiryServiceImpl.saveDataByExcel(org.springframework.web.multipart.MultipartFile)) used time:32ms
2023-08-03 17:45:31.197 [http-nio-8080-exec-6] INFO  [,] com.benewake.saleordersystem.aspect.LogAspect - 用户[0:0:0:0:0:0:0:1],在[2023-08-03 17:08:31],访问了[com.benewake.saleordersystem.controller.SaleOrderController]的[addOrdersByExcel]方法，参数为[[org.springframework.web.multipart.support.StandardMultipartHttpServletRequest$StandardMultipartFile@70614434]].
2023-08-03 17:45:31.233 [http-nio-8080-exec-6] INFO  [,] c.b.saleordersystem.aspect.TrackingTimeAspectj - Call method (public java.util.Map com.benewake.saleordersystem.service.impl.InquiryServiceImpl.saveDataByExcel(org.springframework.web.multipart.MultipartFile)) used time:35ms
2023-08-03 17:47:27.955 [SpringContextShutdownHook] INFO  [,] o.s.a.r.listener.SimpleMessageListenerContainer - Waiting for workers to finish.
2023-08-03 17:47:28.943 [SpringContextShutdownHook] INFO  [,] o.s.a.r.listener.SimpleMessageListenerContainer - Successfully waited for workers to finish.
2023-08-03 17:47:29.340 [SpringContextShutdownHook] INFO  [,] o.s.a.r.listener.SimpleMessageListenerContainer - Shutdown ignored - container is not active already
2023-08-03 17:47:29.342 [SpringContextShutdownHook] INFO  [,] o.s.scheduling.concurrent.ThreadPoolTaskExecutor - Shutting down ExecutorService 'myThreadPoolTask'
2023-08-03 17:47:29.348 [SpringContextShutdownHook] INFO  [,] com.zaxxer.hikari.HikariDataSource - HikariPool-1 - Shutdown initiated...
2023-08-03 17:47:29.355 [SpringContextShutdownHook] INFO  [,] com.zaxxer.hikari.HikariDataSource - HikariPool-1 - Shutdown completed.
2023-08-03 17:47:36.940 [restartedMain] INFO  [,] c.b.saleordersystem.SaleOrderSystemApplication - Starting SaleOrderSystemApplication on ATHQ-20221218UI with PID 29116 (F:\study\javaProject\SaleOrderSystem\target\classes started by Lcs in F:\study\javaProject\SaleOrderSystem)
2023-08-03 17:47:36.942 [restartedMain] INFO  [,] c.b.saleordersystem.SaleOrderSystemApplication - No active profile set, falling back to default profiles: default
2023-08-03 17:47:36.986 [restartedMain] INFO  [,] o.s.b.d.env.DevToolsPropertyDefaultsPostProcessor - Devtools property defaults active! Set 'spring.devtools.add-properties' to 'false' to disable
2023-08-03 17:47:36.987 [restartedMain] INFO  [,] o.s.b.d.env.DevToolsPropertyDefaultsPostProcessor - For additional web related logging consider setting the 'logging.level.web' property to 'DEBUG'
2023-08-03 17:47:38.542 [restartedMain] INFO  [,] o.s.boot.web.embedded.tomcat.TomcatWebServer - Tomcat initialized with port(s): 8080 (http)
2023-08-03 17:47:38.551 [restartedMain] INFO  [,] org.apache.coyote.http11.Http11NioProtocol - Initializing ProtocolHandler ["http-nio-8080"]
2023-08-03 17:47:38.551 [restartedMain] INFO  [,] org.apache.catalina.core.StandardService - Starting service [Tomcat]
2023-08-03 17:47:38.552 [restartedMain] INFO  [,] org.apache.catalina.core.StandardEngine - Starting Servlet engine: [Apache Tomcat/9.0.41]
2023-08-03 17:47:38.629 [restartedMain] INFO  [,] o.a.c.c.C.[Tomcat].[localhost].[/benewake] - Initializing Spring embedded WebApplicationContext
2023-08-03 17:47:38.630 [restartedMain] INFO  [,] o.s.b.w.s.c.ServletWebServerApplicationContext - Root WebApplicationContext: initialization completed in 1642 ms
2023-08-03 17:47:41.095 [restartedMain] INFO  [,] o.s.scheduling.concurrent.ThreadPoolTaskExecutor - Initializing ExecutorService
2023-08-03 17:47:41.097 [restartedMain] INFO  [,] o.s.scheduling.concurrent.ThreadPoolTaskExecutor - Initializing ExecutorService 'myThreadPoolTask'
2023-08-03 17:47:41.275 [restartedMain] INFO  [,] o.s.b.d.autoconfigure.OptionalLiveReloadServer - LiveReload server is running on port 35729
2023-08-03 17:47:41.946 [restartedMain] INFO  [,] org.apache.coyote.http11.Http11NioProtocol - Starting ProtocolHandler ["http-nio-8080"]
2023-08-03 17:47:41.967 [restartedMain] INFO  [,] o.s.boot.web.embedded.tomcat.TomcatWebServer - Tomcat started on port(s): 8080 (http) with context path '/benewake'
2023-08-03 17:47:42.295 [restartedMain] INFO  [,] o.s.a.rabbit.connection.CachingConnectionFactory - Attempting to connect to: [47.93.30.99:5672]
2023-08-03 17:47:42.389 [restartedMain] INFO  [,] o.s.a.rabbit.connection.CachingConnectionFactory - Created new connection: rabbitConnectionFactory#14f54a6c:0/SimpleConnection@60b38d2e [delegate=amqp://guest@47.93.30.99:5672/, localPort= 53691]
2023-08-03 17:47:42.558 [restartedMain] INFO  [,] c.b.saleordersystem.SaleOrderSystemApplication - Started SaleOrderSystemApplication in 6.015 seconds (JVM running for 6.954)
2023-08-03 17:47:46.125 [http-nio-8080-exec-1] INFO  [,] o.a.c.c.C.[Tomcat].[localhost].[/benewake] - Initializing Spring DispatcherServlet 'dispatcherServlet'
2023-08-03 17:47:46.125 [http-nio-8080-exec-1] INFO  [,] org.springframework.web.servlet.DispatcherServlet - Initializing Servlet 'dispatcherServlet'
2023-08-03 17:47:46.136 [http-nio-8080-exec-1] INFO  [,] org.springframework.web.servlet.DispatcherServlet - Completed initialization in 11 ms
2023-08-03 17:47:46.235 [http-nio-8080-exec-1] INFO  [,] com.zaxxer.hikari.HikariDataSource - HikariPool-1 - Starting...
2023-08-03 17:47:46.372 [http-nio-8080-exec-1] INFO  [,] com.zaxxer.hikari.HikariDataSource - HikariPool-1 - Start completed.
2023-08-03 17:47:46.434 [http-nio-8080-exec-1] INFO  [,] com.benewake.saleordersystem.aspect.LogAspect - 用户[0:0:0:0:0:0:0:1],在[2023-08-03 17:08:46],访问了[com.benewake.saleordersystem.controller.SaleOrderController]的[addOrdersByExcel]方法，参数为[[org.springframework.web.multipart.support.StandardMultipartHttpServletRequest$StandardMultipartFile@dbe7ea]].
2023-08-03 17:47:47.122 [http-nio-8080-exec-1] INFO  [,] c.b.saleordersystem.aspect.TrackingTimeAspectj - Call method (public java.util.Map com.benewake.saleordersystem.service.impl.InquiryServiceImpl.saveDataByExcel(org.springframework.web.multipart.MultipartFile)) used time:679ms
2023-08-03 18:07:17.294 [SpringContextShutdownHook] INFO  [,] o.s.a.r.listener.SimpleMessageListenerContainer - Waiting for workers to finish.
2023-08-03 18:07:17.654 [SpringContextShutdownHook] INFO  [,] o.s.a.r.listener.SimpleMessageListenerContainer - Successfully waited for workers to finish.
2023-08-03 18:07:17.988 [SpringContextShutdownHook] INFO  [,] o.s.a.r.listener.SimpleMessageListenerContainer - Shutdown ignored - container is not active already
2023-08-03 18:07:17.989 [SpringContextShutdownHook] INFO  [,] o.s.scheduling.concurrent.ThreadPoolTaskExecutor - Shutting down ExecutorService 'myThreadPoolTask'
2023-08-03 18:07:17.993 [SpringContextShutdownHook] INFO  [,] com.zaxxer.hikari.HikariDataSource - HikariPool-1 - Shutdown initiated...
2023-08-03 18:07:18.000 [SpringContextShutdownHook] INFO  [,] com.zaxxer.hikari.HikariDataSource - HikariPool-1 - Shutdown completed.
