2023-07-27 09:41:22.189 [http-nio-8080-exec-6] ERROR c.b.s.e.InquiryExcelListener - [invoke,93] - 第1行数据在数据库中已存在，请检查是否重复添加！
2023-07-27 10:22:18.011 [http-nio-8080-exec-1] ERROR c.b.s.c.a.ExceptionAdvice - [handleException,27] - 服务器发生异常：Missing cookie 'ticket' for method parameter of type String
2023-07-27 10:22:18.012 [http-nio-8080-exec-1] ERROR c.b.s.c.a.ExceptionAdvice - [handleException,29] - org.springframework.web.method.annotation.AbstractCookieValueMethodArgumentResolver.handleMissingValue(AbstractCookieValueMethodArgumentResolver.java:70)
2023-07-27 10:22:18.012 [http-nio-8080-exec-1] ERROR c.b.s.c.a.ExceptionAdvice - [handleException,29] - org.springframework.web.method.annotation.AbstractNamedValueMethodArgumentResolver.handleMissingValue(AbstractNamedValueMethodArgumentResolver.java:221)
2023-07-27 10:22:18.012 [http-nio-8080-exec-1] ERROR c.b.s.c.a.ExceptionAdvice - [handleException,29] - org.springframework.web.method.annotation.AbstractNamedValueMethodArgumentResolver.resolveArgument(AbstractNamedValueMethodArgumentResolver.java:114)
2023-07-27 10:22:18.012 [http-nio-8080-exec-1] ERROR c.b.s.c.a.ExceptionAdvice - [handleException,29] - org.springframework.web.method.support.HandlerMethodArgumentResolverComposite.resolveArgument(HandlerMethodArgumentResolverComposite.java:121)
2023-07-27 10:22:18.013 [http-nio-8080-exec-1] ERROR c.b.s.c.a.ExceptionAdvice - [handleException,29] - org.springframework.web.method.support.InvocableHandlerMethod.getMethodArgumentValues(InvocableHandlerMethod.java:167)
2023-07-27 10:22:18.013 [http-nio-8080-exec-1] ERROR c.b.s.c.a.ExceptionAdvice - [handleException,29] - org.springframework.web.method.support.InvocableHandlerMethod.invokeForRequest(InvocableHandlerMethod.java:134)
2023-07-27 10:22:18.013 [http-nio-8080-exec-1] ERROR c.b.s.c.a.ExceptionAdvice - [handleException,29] - org.springframework.web.servlet.mvc.method.annotation.ServletInvocableHandlerMethod.invokeAndHandle(ServletInvocableHandlerMethod.java:105)
2023-07-27 10:22:18.013 [http-nio-8080-exec-1] ERROR c.b.s.c.a.ExceptionAdvice - [handleException,29] - org.springframework.web.servlet.mvc.method.annotation.RequestMappingHandlerAdapter.invokeHandlerMethod(RequestMappingHandlerAdapter.java:878)
2023-07-27 10:22:18.013 [http-nio-8080-exec-1] ERROR c.b.s.c.a.ExceptionAdvice - [handleException,29] - org.springframework.web.servlet.mvc.method.annotation.RequestMappingHandlerAdapter.handleInternal(RequestMappingHandlerAdapter.java:792)
2023-07-27 10:22:18.014 [http-nio-8080-exec-1] ERROR c.b.s.c.a.ExceptionAdvice - [handleException,29] - org.springframework.web.servlet.mvc.method.AbstractHandlerMethodAdapter.handle(AbstractHandlerMethodAdapter.java:87)
2023-07-27 10:22:18.014 [http-nio-8080-exec-1] ERROR c.b.s.c.a.ExceptionAdvice - [handleException,29] - org.springframework.web.servlet.DispatcherServlet.doDispatch(DispatcherServlet.java:1040)
2023-07-27 10:22:18.014 [http-nio-8080-exec-1] ERROR c.b.s.c.a.ExceptionAdvice - [handleException,29] - org.springframework.web.servlet.DispatcherServlet.doService(DispatcherServlet.java:943)
2023-07-27 10:22:18.014 [http-nio-8080-exec-1] ERROR c.b.s.c.a.ExceptionAdvice - [handleException,29] - org.springframework.web.servlet.FrameworkServlet.processRequest(FrameworkServlet.java:1006)
2023-07-27 10:22:18.014 [http-nio-8080-exec-1] ERROR c.b.s.c.a.ExceptionAdvice - [handleException,29] - org.springframework.web.servlet.FrameworkServlet.doGet(FrameworkServlet.java:898)
2023-07-27 10:22:18.015 [http-nio-8080-exec-1] ERROR c.b.s.c.a.ExceptionAdvice - [handleException,29] - javax.servlet.http.HttpServlet.service(HttpServlet.java:626)
2023-07-27 10:22:18.015 [http-nio-8080-exec-1] ERROR c.b.s.c.a.ExceptionAdvice - [handleException,29] - org.springframework.web.servlet.FrameworkServlet.service(FrameworkServlet.java:883)
2023-07-27 10:22:18.015 [http-nio-8080-exec-1] ERROR c.b.s.c.a.ExceptionAdvice - [handleException,29] - javax.servlet.http.HttpServlet.service(HttpServlet.java:733)
2023-07-27 10:22:18.015 [http-nio-8080-exec-1] ERROR c.b.s.c.a.ExceptionAdvice - [handleException,29] - org.apache.catalina.core.ApplicationFilterChain.internalDoFilter(ApplicationFilterChain.java:231)
2023-07-27 10:22:18.015 [http-nio-8080-exec-1] ERROR c.b.s.c.a.ExceptionAdvice - [handleException,29] - org.apache.catalina.core.ApplicationFilterChain.doFilter(ApplicationFilterChain.java:166)
2023-07-27 10:22:18.016 [http-nio-8080-exec-1] ERROR c.b.s.c.a.ExceptionAdvice - [handleException,29] - org.apache.tomcat.websocket.server.WsFilter.doFilter(WsFilter.java:53)
2023-07-27 10:22:18.016 [http-nio-8080-exec-1] ERROR c.b.s.c.a.ExceptionAdvice - [handleException,29] - org.apache.catalina.core.ApplicationFilterChain.internalDoFilter(ApplicationFilterChain.java:193)
2023-07-27 10:22:18.016 [http-nio-8080-exec-1] ERROR c.b.s.c.a.ExceptionAdvice - [handleException,29] - org.apache.catalina.core.ApplicationFilterChain.doFilter(ApplicationFilterChain.java:166)
2023-07-27 10:22:18.016 [http-nio-8080-exec-1] ERROR c.b.s.c.a.ExceptionAdvice - [handleException,29] - org.springframework.web.filter.RequestContextFilter.doFilterInternal(RequestContextFilter.java:100)
2023-07-27 10:22:18.016 [http-nio-8080-exec-1] ERROR c.b.s.c.a.ExceptionAdvice - [handleException,29] - org.springframework.web.filter.OncePerRequestFilter.doFilter(OncePerRequestFilter.java:119)
2023-07-27 10:22:18.016 [http-nio-8080-exec-1] ERROR c.b.s.c.a.ExceptionAdvice - [handleException,29] - org.apache.catalina.core.ApplicationFilterChain.internalDoFilter(ApplicationFilterChain.java:193)
2023-07-27 10:22:18.017 [http-nio-8080-exec-1] ERROR c.b.s.c.a.ExceptionAdvice - [handleException,29] - org.apache.catalina.core.ApplicationFilterChain.doFilter(ApplicationFilterChain.java:166)
2023-07-27 10:22:18.017 [http-nio-8080-exec-1] ERROR c.b.s.c.a.ExceptionAdvice - [handleException,29] - org.springframework.web.filter.FormContentFilter.doFilterInternal(FormContentFilter.java:93)
2023-07-27 10:22:18.017 [http-nio-8080-exec-1] ERROR c.b.s.c.a.ExceptionAdvice - [handleException,29] - org.springframework.web.filter.OncePerRequestFilter.doFilter(OncePerRequestFilter.java:119)
2023-07-27 10:22:18.017 [http-nio-8080-exec-1] ERROR c.b.s.c.a.ExceptionAdvice - [handleException,29] - org.apache.catalina.core.ApplicationFilterChain.internalDoFilter(ApplicationFilterChain.java:193)
2023-07-27 10:22:18.017 [http-nio-8080-exec-1] ERROR c.b.s.c.a.ExceptionAdvice - [handleException,29] - org.apache.catalina.core.ApplicationFilterChain.doFilter(ApplicationFilterChain.java:166)
2023-07-27 10:22:18.017 [http-nio-8080-exec-1] ERROR c.b.s.c.a.ExceptionAdvice - [handleException,29] - org.springframework.web.filter.CharacterEncodingFilter.doFilterInternal(CharacterEncodingFilter.java:201)
2023-07-27 10:22:18.017 [http-nio-8080-exec-1] ERROR c.b.s.c.a.ExceptionAdvice - [handleException,29] - org.springframework.web.filter.OncePerRequestFilter.doFilter(OncePerRequestFilter.java:119)
2023-07-27 10:22:18.018 [http-nio-8080-exec-1] ERROR c.b.s.c.a.ExceptionAdvice - [handleException,29] - org.apache.catalina.core.ApplicationFilterChain.internalDoFilter(ApplicationFilterChain.java:193)
2023-07-27 10:22:18.018 [http-nio-8080-exec-1] ERROR c.b.s.c.a.ExceptionAdvice - [handleException,29] - org.apache.catalina.core.ApplicationFilterChain.doFilter(ApplicationFilterChain.java:166)
2023-07-27 10:22:18.018 [http-nio-8080-exec-1] ERROR c.b.s.c.a.ExceptionAdvice - [handleException,29] - org.apache.catalina.core.StandardWrapperValve.invoke(StandardWrapperValve.java:202)
2023-07-27 10:22:18.018 [http-nio-8080-exec-1] ERROR c.b.s.c.a.ExceptionAdvice - [handleException,29] - org.apache.catalina.core.StandardContextValve.invoke(StandardContextValve.java:97)
2023-07-27 10:22:18.018 [http-nio-8080-exec-1] ERROR c.b.s.c.a.ExceptionAdvice - [handleException,29] - org.apache.catalina.authenticator.AuthenticatorBase.invoke(AuthenticatorBase.java:542)
2023-07-27 10:22:18.018 [http-nio-8080-exec-1] ERROR c.b.s.c.a.ExceptionAdvice - [handleException,29] - org.apache.catalina.core.StandardHostValve.invoke(StandardHostValve.java:143)
2023-07-27 10:22:18.019 [http-nio-8080-exec-1] ERROR c.b.s.c.a.ExceptionAdvice - [handleException,29] - org.apache.catalina.valves.ErrorReportValve.invoke(ErrorReportValve.java:92)
2023-07-27 10:22:18.019 [http-nio-8080-exec-1] ERROR c.b.s.c.a.ExceptionAdvice - [handleException,29] - org.apache.catalina.core.StandardEngineValve.invoke(StandardEngineValve.java:78)
2023-07-27 10:22:18.019 [http-nio-8080-exec-1] ERROR c.b.s.c.a.ExceptionAdvice - [handleException,29] - org.apache.catalina.connector.CoyoteAdapter.service(CoyoteAdapter.java:343)
2023-07-27 10:22:18.019 [http-nio-8080-exec-1] ERROR c.b.s.c.a.ExceptionAdvice - [handleException,29] - org.apache.coyote.http11.Http11Processor.service(Http11Processor.java:374)
2023-07-27 10:22:18.019 [http-nio-8080-exec-1] ERROR c.b.s.c.a.ExceptionAdvice - [handleException,29] - org.apache.coyote.AbstractProcessorLight.process(AbstractProcessorLight.java:65)
2023-07-27 10:22:18.019 [http-nio-8080-exec-1] ERROR c.b.s.c.a.ExceptionAdvice - [handleException,29] - org.apache.coyote.AbstractProtocol$ConnectionHandler.process(AbstractProtocol.java:888)
2023-07-27 10:22:18.019 [http-nio-8080-exec-1] ERROR c.b.s.c.a.ExceptionAdvice - [handleException,29] - org.apache.tomcat.util.net.NioEndpoint$SocketProcessor.doRun(NioEndpoint.java:1597)
2023-07-27 10:22:18.020 [http-nio-8080-exec-1] ERROR c.b.s.c.a.ExceptionAdvice - [handleException,29] - org.apache.tomcat.util.net.SocketProcessorBase.run(SocketProcessorBase.java:49)
2023-07-27 10:22:18.020 [http-nio-8080-exec-1] ERROR c.b.s.c.a.ExceptionAdvice - [handleException,29] - java.util.concurrent.ThreadPoolExecutor.runWorker(ThreadPoolExecutor.java:1149)
2023-07-27 10:22:18.020 [http-nio-8080-exec-1] ERROR c.b.s.c.a.ExceptionAdvice - [handleException,29] - java.util.concurrent.ThreadPoolExecutor$Worker.run(ThreadPoolExecutor.java:624)
2023-07-27 10:22:18.020 [http-nio-8080-exec-1] ERROR c.b.s.c.a.ExceptionAdvice - [handleException,29] - org.apache.tomcat.util.threads.TaskThread$WrappingRunnable.run(TaskThread.java:61)
2023-07-27 10:22:18.020 [http-nio-8080-exec-1] ERROR c.b.s.c.a.ExceptionAdvice - [handleException,29] - java.lang.Thread.run(Thread.java:750)
2023-07-27 10:28:44.702 [http-nio-8080-exec-1] ERROR c.b.s.c.a.ExceptionAdvice - [handleException,27] - 服务器发生异常：Required request body is missing: public com.benewake.saleordersystem.utils.Result<java.util.Map<java.lang.String, java.lang.Object>> com.benewake.saleordersystem.controller.HomeController.login(java.util.Map<java.lang.String, java.lang.Object>,javax.servlet.http.HttpServletResponse)
2023-07-27 10:28:44.703 [http-nio-8080-exec-1] ERROR c.b.s.c.a.ExceptionAdvice - [handleException,29] - org.springframework.web.servlet.mvc.method.annotation.RequestResponseBodyMethodProcessor.readWithMessageConverters(RequestResponseBodyMethodProcessor.java:161)
2023-07-27 10:28:44.703 [http-nio-8080-exec-1] ERROR c.b.s.c.a.ExceptionAdvice - [handleException,29] - org.springframework.web.servlet.mvc.method.annotation.RequestResponseBodyMethodProcessor.resolveArgument(RequestResponseBodyMethodProcessor.java:131)
2023-07-27 10:28:44.703 [http-nio-8080-exec-1] ERROR c.b.s.c.a.ExceptionAdvice - [handleException,29] - org.springframework.web.method.support.HandlerMethodArgumentResolverComposite.resolveArgument(HandlerMethodArgumentResolverComposite.java:121)
2023-07-27 10:28:44.703 [http-nio-8080-exec-1] ERROR c.b.s.c.a.ExceptionAdvice - [handleException,29] - org.springframework.web.method.support.InvocableHandlerMethod.getMethodArgumentValues(InvocableHandlerMethod.java:167)
2023-07-27 10:28:44.704 [http-nio-8080-exec-1] ERROR c.b.s.c.a.ExceptionAdvice - [handleException,29] - org.springframework.web.method.support.InvocableHandlerMethod.invokeForRequest(InvocableHandlerMethod.java:134)
2023-07-27 10:28:44.704 [http-nio-8080-exec-1] ERROR c.b.s.c.a.ExceptionAdvice - [handleException,29] - org.springframework.web.servlet.mvc.method.annotation.ServletInvocableHandlerMethod.invokeAndHandle(ServletInvocableHandlerMethod.java:105)
2023-07-27 10:28:44.704 [http-nio-8080-exec-1] ERROR c.b.s.c.a.ExceptionAdvice - [handleException,29] - org.springframework.web.servlet.mvc.method.annotation.RequestMappingHandlerAdapter.invokeHandlerMethod(RequestMappingHandlerAdapter.java:878)
2023-07-27 10:28:44.704 [http-nio-8080-exec-1] ERROR c.b.s.c.a.ExceptionAdvice - [handleException,29] - org.springframework.web.servlet.mvc.method.annotation.RequestMappingHandlerAdapter.handleInternal(RequestMappingHandlerAdapter.java:792)
2023-07-27 10:28:44.704 [http-nio-8080-exec-1] ERROR c.b.s.c.a.ExceptionAdvice - [handleException,29] - org.springframework.web.servlet.mvc.method.AbstractHandlerMethodAdapter.handle(AbstractHandlerMethodAdapter.java:87)
2023-07-27 10:28:44.704 [http-nio-8080-exec-1] ERROR c.b.s.c.a.ExceptionAdvice - [handleException,29] - org.springframework.web.servlet.DispatcherServlet.doDispatch(DispatcherServlet.java:1040)
2023-07-27 10:28:44.704 [http-nio-8080-exec-1] ERROR c.b.s.c.a.ExceptionAdvice - [handleException,29] - org.springframework.web.servlet.DispatcherServlet.doService(DispatcherServlet.java:943)
2023-07-27 10:28:44.705 [http-nio-8080-exec-1] ERROR c.b.s.c.a.ExceptionAdvice - [handleException,29] - org.springframework.web.servlet.FrameworkServlet.processRequest(FrameworkServlet.java:1006)
2023-07-27 10:28:44.705 [http-nio-8080-exec-1] ERROR c.b.s.c.a.ExceptionAdvice - [handleException,29] - org.springframework.web.servlet.FrameworkServlet.doGet(FrameworkServlet.java:898)
2023-07-27 10:28:44.705 [http-nio-8080-exec-1] ERROR c.b.s.c.a.ExceptionAdvice - [handleException,29] - javax.servlet.http.HttpServlet.service(HttpServlet.java:626)
2023-07-27 10:28:44.705 [http-nio-8080-exec-1] ERROR c.b.s.c.a.ExceptionAdvice - [handleException,29] - org.springframework.web.servlet.FrameworkServlet.service(FrameworkServlet.java:883)
2023-07-27 10:28:44.705 [http-nio-8080-exec-1] ERROR c.b.s.c.a.ExceptionAdvice - [handleException,29] - javax.servlet.http.HttpServlet.service(HttpServlet.java:733)
2023-07-27 10:28:44.705 [http-nio-8080-exec-1] ERROR c.b.s.c.a.ExceptionAdvice - [handleException,29] - org.apache.catalina.core.ApplicationFilterChain.internalDoFilter(ApplicationFilterChain.java:231)
2023-07-27 10:28:44.705 [http-nio-8080-exec-1] ERROR c.b.s.c.a.ExceptionAdvice - [handleException,29] - org.apache.catalina.core.ApplicationFilterChain.doFilter(ApplicationFilterChain.java:166)
2023-07-27 10:28:44.705 [http-nio-8080-exec-1] ERROR c.b.s.c.a.ExceptionAdvice - [handleException,29] - org.apache.tomcat.websocket.server.WsFilter.doFilter(WsFilter.java:53)
2023-07-27 10:28:44.705 [http-nio-8080-exec-1] ERROR c.b.s.c.a.ExceptionAdvice - [handleException,29] - org.apache.catalina.core.ApplicationFilterChain.internalDoFilter(ApplicationFilterChain.java:193)
2023-07-27 10:28:44.706 [http-nio-8080-exec-1] ERROR c.b.s.c.a.ExceptionAdvice - [handleException,29] - org.apache.catalina.core.ApplicationFilterChain.doFilter(ApplicationFilterChain.java:166)
2023-07-27 10:28:44.706 [http-nio-8080-exec-1] ERROR c.b.s.c.a.ExceptionAdvice - [handleException,29] - org.springframework.web.filter.RequestContextFilter.doFilterInternal(RequestContextFilter.java:100)
2023-07-27 10:28:44.706 [http-nio-8080-exec-1] ERROR c.b.s.c.a.ExceptionAdvice - [handleException,29] - org.springframework.web.filter.OncePerRequestFilter.doFilter(OncePerRequestFilter.java:119)
2023-07-27 10:28:44.706 [http-nio-8080-exec-1] ERROR c.b.s.c.a.ExceptionAdvice - [handleException,29] - org.apache.catalina.core.ApplicationFilterChain.internalDoFilter(ApplicationFilterChain.java:193)
2023-07-27 10:28:44.706 [http-nio-8080-exec-1] ERROR c.b.s.c.a.ExceptionAdvice - [handleException,29] - org.apache.catalina.core.ApplicationFilterChain.doFilter(ApplicationFilterChain.java:166)
2023-07-27 10:28:44.707 [http-nio-8080-exec-1] ERROR c.b.s.c.a.ExceptionAdvice - [handleException,29] - org.springframework.web.filter.FormContentFilter.doFilterInternal(FormContentFilter.java:93)
2023-07-27 10:28:44.707 [http-nio-8080-exec-1] ERROR c.b.s.c.a.ExceptionAdvice - [handleException,29] - org.springframework.web.filter.OncePerRequestFilter.doFilter(OncePerRequestFilter.java:119)
2023-07-27 10:28:44.707 [http-nio-8080-exec-1] ERROR c.b.s.c.a.ExceptionAdvice - [handleException,29] - org.apache.catalina.core.ApplicationFilterChain.internalDoFilter(ApplicationFilterChain.java:193)
2023-07-27 10:28:44.707 [http-nio-8080-exec-1] ERROR c.b.s.c.a.ExceptionAdvice - [handleException,29] - org.apache.catalina.core.ApplicationFilterChain.doFilter(ApplicationFilterChain.java:166)
2023-07-27 10:28:44.707 [http-nio-8080-exec-1] ERROR c.b.s.c.a.ExceptionAdvice - [handleException,29] - org.springframework.web.filter.CharacterEncodingFilter.doFilterInternal(CharacterEncodingFilter.java:201)
2023-07-27 10:28:44.707 [http-nio-8080-exec-1] ERROR c.b.s.c.a.ExceptionAdvice - [handleException,29] - org.springframework.web.filter.OncePerRequestFilter.doFilter(OncePerRequestFilter.java:119)
2023-07-27 10:28:44.707 [http-nio-8080-exec-1] ERROR c.b.s.c.a.ExceptionAdvice - [handleException,29] - org.apache.catalina.core.ApplicationFilterChain.internalDoFilter(ApplicationFilterChain.java:193)
2023-07-27 10:28:44.707 [http-nio-8080-exec-1] ERROR c.b.s.c.a.ExceptionAdvice - [handleException,29] - org.apache.catalina.core.ApplicationFilterChain.doFilter(ApplicationFilterChain.java:166)
2023-07-27 10:28:44.707 [http-nio-8080-exec-1] ERROR c.b.s.c.a.ExceptionAdvice - [handleException,29] - org.apache.catalina.core.StandardWrapperValve.invoke(StandardWrapperValve.java:202)
2023-07-27 10:28:44.708 [http-nio-8080-exec-1] ERROR c.b.s.c.a.ExceptionAdvice - [handleException,29] - org.apache.catalina.core.StandardContextValve.invoke(StandardContextValve.java:97)
2023-07-27 10:28:44.708 [http-nio-8080-exec-1] ERROR c.b.s.c.a.ExceptionAdvice - [handleException,29] - org.apache.catalina.authenticator.AuthenticatorBase.invoke(AuthenticatorBase.java:542)
2023-07-27 10:28:44.708 [http-nio-8080-exec-1] ERROR c.b.s.c.a.ExceptionAdvice - [handleException,29] - org.apache.catalina.core.StandardHostValve.invoke(StandardHostValve.java:143)
2023-07-27 10:28:44.708 [http-nio-8080-exec-1] ERROR c.b.s.c.a.ExceptionAdvice - [handleException,29] - org.apache.catalina.valves.ErrorReportValve.invoke(ErrorReportValve.java:92)
2023-07-27 10:28:44.708 [http-nio-8080-exec-1] ERROR c.b.s.c.a.ExceptionAdvice - [handleException,29] - org.apache.catalina.core.StandardEngineValve.invoke(StandardEngineValve.java:78)
2023-07-27 10:28:44.708 [http-nio-8080-exec-1] ERROR c.b.s.c.a.ExceptionAdvice - [handleException,29] - org.apache.catalina.connector.CoyoteAdapter.service(CoyoteAdapter.java:343)
2023-07-27 10:28:44.708 [http-nio-8080-exec-1] ERROR c.b.s.c.a.ExceptionAdvice - [handleException,29] - org.apache.coyote.http11.Http11Processor.service(Http11Processor.java:374)
2023-07-27 10:28:44.708 [http-nio-8080-exec-1] ERROR c.b.s.c.a.ExceptionAdvice - [handleException,29] - org.apache.coyote.AbstractProcessorLight.process(AbstractProcessorLight.java:65)
2023-07-27 10:28:44.709 [http-nio-8080-exec-1] ERROR c.b.s.c.a.ExceptionAdvice - [handleException,29] - org.apache.coyote.AbstractProtocol$ConnectionHandler.process(AbstractProtocol.java:888)
2023-07-27 10:28:44.709 [http-nio-8080-exec-1] ERROR c.b.s.c.a.ExceptionAdvice - [handleException,29] - org.apache.tomcat.util.net.NioEndpoint$SocketProcessor.doRun(NioEndpoint.java:1597)
2023-07-27 10:28:44.709 [http-nio-8080-exec-1] ERROR c.b.s.c.a.ExceptionAdvice - [handleException,29] - org.apache.tomcat.util.net.SocketProcessorBase.run(SocketProcessorBase.java:49)
2023-07-27 10:28:44.709 [http-nio-8080-exec-1] ERROR c.b.s.c.a.ExceptionAdvice - [handleException,29] - java.util.concurrent.ThreadPoolExecutor.runWorker(ThreadPoolExecutor.java:1149)
2023-07-27 10:28:44.709 [http-nio-8080-exec-1] ERROR c.b.s.c.a.ExceptionAdvice - [handleException,29] - java.util.concurrent.ThreadPoolExecutor$Worker.run(ThreadPoolExecutor.java:624)
2023-07-27 10:28:44.709 [http-nio-8080-exec-1] ERROR c.b.s.c.a.ExceptionAdvice - [handleException,29] - org.apache.tomcat.util.threads.TaskThread$WrappingRunnable.run(TaskThread.java:61)
2023-07-27 10:28:44.710 [http-nio-8080-exec-1] ERROR c.b.s.c.a.ExceptionAdvice - [handleException,29] - java.lang.Thread.run(Thread.java:750)
2023-07-27 10:33:03.009 [http-nio-8080-exec-6] ERROR c.b.s.c.a.ExceptionAdvice - [handleException,27] - 服务器发生异常：null
2023-07-27 10:33:03.010 [http-nio-8080-exec-6] ERROR c.b.s.c.a.ExceptionAdvice - [handleException,29] - com.benewake.saleordersystem.service.impl.InquiryServiceImpl.selectSalesOrderVoList(InquiryServiceImpl.java:90)
2023-07-27 10:33:03.010 [http-nio-8080-exec-6] ERROR c.b.s.c.a.ExceptionAdvice - [handleException,29] - com.benewake.saleordersystem.service.impl.InquiryServiceImpl$$FastClassBySpringCGLIB$$3ad626c8.invoke(<generated>)
2023-07-27 10:33:03.010 [http-nio-8080-exec-6] ERROR c.b.s.c.a.ExceptionAdvice - [handleException,29] - org.springframework.cglib.proxy.MethodProxy.invoke(MethodProxy.java:218)
2023-07-27 10:33:03.010 [http-nio-8080-exec-6] ERROR c.b.s.c.a.ExceptionAdvice - [handleException,29] - org.springframework.aop.framework.CglibAopProxy$CglibMethodInvocation.invokeJoinpoint(CglibAopProxy.java:771)
2023-07-27 10:33:03.011 [http-nio-8080-exec-6] ERROR c.b.s.c.a.ExceptionAdvice - [handleException,29] - org.springframework.aop.framework.ReflectiveMethodInvocation.proceed(ReflectiveMethodInvocation.java:163)
2023-07-27 10:33:03.011 [http-nio-8080-exec-6] ERROR c.b.s.c.a.ExceptionAdvice - [handleException,29] - org.springframework.aop.framework.CglibAopProxy$CglibMethodInvocation.proceed(CglibAopProxy.java:749)
2023-07-27 10:33:03.011 [http-nio-8080-exec-6] ERROR c.b.s.c.a.ExceptionAdvice - [handleException,29] - org.springframework.aop.interceptor.ExposeInvocationInterceptor.invoke(ExposeInvocationInterceptor.java:95)
2023-07-27 10:33:03.011 [http-nio-8080-exec-6] ERROR c.b.s.c.a.ExceptionAdvice - [handleException,29] - org.springframework.aop.framework.ReflectiveMethodInvocation.proceed(ReflectiveMethodInvocation.java:186)
2023-07-27 10:33:03.011 [http-nio-8080-exec-6] ERROR c.b.s.c.a.ExceptionAdvice - [handleException,29] - org.springframework.aop.framework.CglibAopProxy$CglibMethodInvocation.proceed(CglibAopProxy.java:749)
2023-07-27 10:33:03.011 [http-nio-8080-exec-6] ERROR c.b.s.c.a.ExceptionAdvice - [handleException,29] - org.springframework.aop.framework.CglibAopProxy$DynamicAdvisedInterceptor.intercept(CglibAopProxy.java:691)
2023-07-27 10:33:03.012 [http-nio-8080-exec-6] ERROR c.b.s.c.a.ExceptionAdvice - [handleException,29] - com.benewake.saleordersystem.service.impl.InquiryServiceImpl$$EnhancerBySpringCGLIB$$7914c79c.selectSalesOrderVoList(<generated>)
2023-07-27 10:33:03.012 [http-nio-8080-exec-6] ERROR c.b.s.c.a.ExceptionAdvice - [handleException,29] - com.benewake.saleordersystem.controller.SaleOrderController.selectList(SaleOrderController.java:95)
2023-07-27 10:33:03.012 [http-nio-8080-exec-6] ERROR c.b.s.c.a.ExceptionAdvice - [handleException,29] - com.benewake.saleordersystem.controller.SaleOrderController$$FastClassBySpringCGLIB$$cf2c6a0c.invoke(<generated>)
2023-07-27 10:33:03.012 [http-nio-8080-exec-6] ERROR c.b.s.c.a.ExceptionAdvice - [handleException,29] - org.springframework.cglib.proxy.MethodProxy.invoke(MethodProxy.java:218)
2023-07-27 10:33:03.012 [http-nio-8080-exec-6] ERROR c.b.s.c.a.ExceptionAdvice - [handleException,29] - org.springframework.aop.framework.CglibAopProxy$CglibMethodInvocation.invokeJoinpoint(CglibAopProxy.java:771)
2023-07-27 10:33:03.013 [http-nio-8080-exec-6] ERROR c.b.s.c.a.ExceptionAdvice - [handleException,29] - org.springframework.aop.framework.ReflectiveMethodInvocation.proceed(ReflectiveMethodInvocation.java:163)
2023-07-27 10:33:03.013 [http-nio-8080-exec-6] ERROR c.b.s.c.a.ExceptionAdvice - [handleException,29] - org.springframework.aop.framework.CglibAopProxy$CglibMethodInvocation.proceed(CglibAopProxy.java:749)
2023-07-27 10:33:03.013 [http-nio-8080-exec-6] ERROR c.b.s.c.a.ExceptionAdvice - [handleException,29] - org.springframework.aop.aspectj.MethodInvocationProceedingJoinPoint.proceed(MethodInvocationProceedingJoinPoint.java:88)
2023-07-27 10:33:03.013 [http-nio-8080-exec-6] ERROR c.b.s.c.a.ExceptionAdvice - [handleException,29] - com.benewake.saleordersystem.aspect.LogAspect.before(LogAspect.java:74)
2023-07-27 10:33:03.013 [http-nio-8080-exec-6] ERROR c.b.s.c.a.ExceptionAdvice - [handleException,29] - sun.reflect.NativeMethodAccessorImpl.invoke0(Native Method)
2023-07-27 10:33:03.014 [http-nio-8080-exec-6] ERROR c.b.s.c.a.ExceptionAdvice - [handleException,29] - sun.reflect.NativeMethodAccessorImpl.invoke(NativeMethodAccessorImpl.java:62)
2023-07-27 10:33:03.014 [http-nio-8080-exec-6] ERROR c.b.s.c.a.ExceptionAdvice - [handleException,29] - sun.reflect.DelegatingMethodAccessorImpl.invoke(DelegatingMethodAccessorImpl.java:43)
2023-07-27 10:33:03.014 [http-nio-8080-exec-6] ERROR c.b.s.c.a.ExceptionAdvice - [handleException,29] - java.lang.reflect.Method.invoke(Method.java:498)
2023-07-27 10:33:03.014 [http-nio-8080-exec-6] ERROR c.b.s.c.a.ExceptionAdvice - [handleException,29] - org.springframework.aop.aspectj.AbstractAspectJAdvice.invokeAdviceMethodWithGivenArgs(AbstractAspectJAdvice.java:644)
2023-07-27 10:33:03.014 [http-nio-8080-exec-6] ERROR c.b.s.c.a.ExceptionAdvice - [handleException,29] - org.springframework.aop.aspectj.AbstractAspectJAdvice.invokeAdviceMethod(AbstractAspectJAdvice.java:633)
2023-07-27 10:33:03.014 [http-nio-8080-exec-6] ERROR c.b.s.c.a.ExceptionAdvice - [handleException,29] - org.springframework.aop.aspectj.AspectJAroundAdvice.invoke(AspectJAroundAdvice.java:70)
2023-07-27 10:33:03.015 [http-nio-8080-exec-6] ERROR c.b.s.c.a.ExceptionAdvice - [handleException,29] - org.springframework.aop.framework.ReflectiveMethodInvocation.proceed(ReflectiveMethodInvocation.java:186)
2023-07-27 10:33:03.015 [http-nio-8080-exec-6] ERROR c.b.s.c.a.ExceptionAdvice - [handleException,29] - org.springframework.aop.framework.CglibAopProxy$CglibMethodInvocation.proceed(CglibAopProxy.java:749)
2023-07-27 10:33:03.015 [http-nio-8080-exec-6] ERROR c.b.s.c.a.ExceptionAdvice - [handleException,29] - org.springframework.aop.interceptor.ExposeInvocationInterceptor.invoke(ExposeInvocationInterceptor.java:95)
2023-07-27 10:33:03.015 [http-nio-8080-exec-6] ERROR c.b.s.c.a.ExceptionAdvice - [handleException,29] - org.springframework.aop.framework.ReflectiveMethodInvocation.proceed(ReflectiveMethodInvocation.java:186)
2023-07-27 10:33:03.015 [http-nio-8080-exec-6] ERROR c.b.s.c.a.ExceptionAdvice - [handleException,29] - org.springframework.aop.framework.CglibAopProxy$CglibMethodInvocation.proceed(CglibAopProxy.java:749)
2023-07-27 10:33:03.015 [http-nio-8080-exec-6] ERROR c.b.s.c.a.ExceptionAdvice - [handleException,29] - org.springframework.aop.framework.CglibAopProxy$DynamicAdvisedInterceptor.intercept(CglibAopProxy.java:691)
2023-07-27 10:33:03.016 [http-nio-8080-exec-6] ERROR c.b.s.c.a.ExceptionAdvice - [handleException,29] - com.benewake.saleordersystem.controller.SaleOrderController$$EnhancerBySpringCGLIB$$aed5b549.selectList(<generated>)
2023-07-27 10:33:03.016 [http-nio-8080-exec-6] ERROR c.b.s.c.a.ExceptionAdvice - [handleException,29] - sun.reflect.NativeMethodAccessorImpl.invoke0(Native Method)
2023-07-27 10:33:03.016 [http-nio-8080-exec-6] ERROR c.b.s.c.a.ExceptionAdvice - [handleException,29] - sun.reflect.NativeMethodAccessorImpl.invoke(NativeMethodAccessorImpl.java:62)
2023-07-27 10:33:03.016 [http-nio-8080-exec-6] ERROR c.b.s.c.a.ExceptionAdvice - [handleException,29] - sun.reflect.DelegatingMethodAccessorImpl.invoke(DelegatingMethodAccessorImpl.java:43)
2023-07-27 10:33:03.016 [http-nio-8080-exec-6] ERROR c.b.s.c.a.ExceptionAdvice - [handleException,29] - java.lang.reflect.Method.invoke(Method.java:498)
2023-07-27 10:33:03.016 [http-nio-8080-exec-6] ERROR c.b.s.c.a.ExceptionAdvice - [handleException,29] - org.springframework.web.method.support.InvocableHandlerMethod.doInvoke(InvocableHandlerMethod.java:190)
2023-07-27 10:33:03.017 [http-nio-8080-exec-6] ERROR c.b.s.c.a.ExceptionAdvice - [handleException,29] - org.springframework.web.method.support.InvocableHandlerMethod.invokeForRequest(InvocableHandlerMethod.java:138)
2023-07-27 10:33:03.017 [http-nio-8080-exec-6] ERROR c.b.s.c.a.ExceptionAdvice - [handleException,29] - org.springframework.web.servlet.mvc.method.annotation.ServletInvocableHandlerMethod.invokeAndHandle(ServletInvocableHandlerMethod.java:105)
2023-07-27 10:33:03.017 [http-nio-8080-exec-6] ERROR c.b.s.c.a.ExceptionAdvice - [handleException,29] - org.springframework.web.servlet.mvc.method.annotation.RequestMappingHandlerAdapter.invokeHandlerMethod(RequestMappingHandlerAdapter.java:878)
2023-07-27 10:33:03.017 [http-nio-8080-exec-6] ERROR c.b.s.c.a.ExceptionAdvice - [handleException,29] - org.springframework.web.servlet.mvc.method.annotation.RequestMappingHandlerAdapter.handleInternal(RequestMappingHandlerAdapter.java:792)
2023-07-27 10:33:03.017 [http-nio-8080-exec-6] ERROR c.b.s.c.a.ExceptionAdvice - [handleException,29] - org.springframework.web.servlet.mvc.method.AbstractHandlerMethodAdapter.handle(AbstractHandlerMethodAdapter.java:87)
2023-07-27 10:33:03.017 [http-nio-8080-exec-6] ERROR c.b.s.c.a.ExceptionAdvice - [handleException,29] - org.springframework.web.servlet.DispatcherServlet.doDispatch(DispatcherServlet.java:1040)
2023-07-27 10:33:03.018 [http-nio-8080-exec-6] ERROR c.b.s.c.a.ExceptionAdvice - [handleException,29] - org.springframework.web.servlet.DispatcherServlet.doService(DispatcherServlet.java:943)
2023-07-27 10:33:03.018 [http-nio-8080-exec-6] ERROR c.b.s.c.a.ExceptionAdvice - [handleException,29] - org.springframework.web.servlet.FrameworkServlet.processRequest(FrameworkServlet.java:1006)
2023-07-27 10:33:03.018 [http-nio-8080-exec-6] ERROR c.b.s.c.a.ExceptionAdvice - [handleException,29] - org.springframework.web.servlet.FrameworkServlet.doPost(FrameworkServlet.java:909)
2023-07-27 10:33:03.019 [http-nio-8080-exec-6] ERROR c.b.s.c.a.ExceptionAdvice - [handleException,29] - javax.servlet.http.HttpServlet.service(HttpServlet.java:652)
2023-07-27 10:33:03.019 [http-nio-8080-exec-6] ERROR c.b.s.c.a.ExceptionAdvice - [handleException,29] - org.springframework.web.servlet.FrameworkServlet.service(FrameworkServlet.java:883)
2023-07-27 10:33:03.019 [http-nio-8080-exec-6] ERROR c.b.s.c.a.ExceptionAdvice - [handleException,29] - javax.servlet.http.HttpServlet.service(HttpServlet.java:733)
2023-07-27 10:33:03.020 [http-nio-8080-exec-6] ERROR c.b.s.c.a.ExceptionAdvice - [handleException,29] - org.apache.catalina.core.ApplicationFilterChain.internalDoFilter(ApplicationFilterChain.java:231)
2023-07-27 10:33:03.020 [http-nio-8080-exec-6] ERROR c.b.s.c.a.ExceptionAdvice - [handleException,29] - org.apache.catalina.core.ApplicationFilterChain.doFilter(ApplicationFilterChain.java:166)
2023-07-27 10:33:03.020 [http-nio-8080-exec-6] ERROR c.b.s.c.a.ExceptionAdvice - [handleException,29] - org.apache.tomcat.websocket.server.WsFilter.doFilter(WsFilter.java:53)
2023-07-27 10:33:03.021 [http-nio-8080-exec-6] ERROR c.b.s.c.a.ExceptionAdvice - [handleException,29] - org.apache.catalina.core.ApplicationFilterChain.internalDoFilter(ApplicationFilterChain.java:193)
2023-07-27 10:33:03.021 [http-nio-8080-exec-6] ERROR c.b.s.c.a.ExceptionAdvice - [handleException,29] - org.apache.catalina.core.ApplicationFilterChain.doFilter(ApplicationFilterChain.java:166)
2023-07-27 10:33:03.022 [http-nio-8080-exec-6] ERROR c.b.s.c.a.ExceptionAdvice - [handleException,29] - org.springframework.web.filter.RequestContextFilter.doFilterInternal(RequestContextFilter.java:100)
2023-07-27 10:33:03.022 [http-nio-8080-exec-6] ERROR c.b.s.c.a.ExceptionAdvice - [handleException,29] - org.springframework.web.filter.OncePerRequestFilter.doFilter(OncePerRequestFilter.java:119)
2023-07-27 10:33:03.022 [http-nio-8080-exec-6] ERROR c.b.s.c.a.ExceptionAdvice - [handleException,29] - org.apache.catalina.core.ApplicationFilterChain.internalDoFilter(ApplicationFilterChain.java:193)
2023-07-27 10:33:03.022 [http-nio-8080-exec-6] ERROR c.b.s.c.a.ExceptionAdvice - [handleException,29] - org.apache.catalina.core.ApplicationFilterChain.doFilter(ApplicationFilterChain.java:166)
2023-07-27 10:33:03.023 [http-nio-8080-exec-6] ERROR c.b.s.c.a.ExceptionAdvice - [handleException,29] - org.springframework.web.filter.FormContentFilter.doFilterInternal(FormContentFilter.java:93)
2023-07-27 10:33:03.023 [http-nio-8080-exec-6] ERROR c.b.s.c.a.ExceptionAdvice - [handleException,29] - org.springframework.web.filter.OncePerRequestFilter.doFilter(OncePerRequestFilter.java:119)
2023-07-27 10:33:03.023 [http-nio-8080-exec-6] ERROR c.b.s.c.a.ExceptionAdvice - [handleException,29] - org.apache.catalina.core.ApplicationFilterChain.internalDoFilter(ApplicationFilterChain.java:193)
2023-07-27 10:33:03.023 [http-nio-8080-exec-6] ERROR c.b.s.c.a.ExceptionAdvice - [handleException,29] - org.apache.catalina.core.ApplicationFilterChain.doFilter(ApplicationFilterChain.java:166)
2023-07-27 10:33:03.023 [http-nio-8080-exec-6] ERROR c.b.s.c.a.ExceptionAdvice - [handleException,29] - org.springframework.web.filter.CharacterEncodingFilter.doFilterInternal(CharacterEncodingFilter.java:201)
2023-07-27 10:33:03.023 [http-nio-8080-exec-6] ERROR c.b.s.c.a.ExceptionAdvice - [handleException,29] - org.springframework.web.filter.OncePerRequestFilter.doFilter(OncePerRequestFilter.java:119)
2023-07-27 10:33:03.024 [http-nio-8080-exec-6] ERROR c.b.s.c.a.ExceptionAdvice - [handleException,29] - org.apache.catalina.core.ApplicationFilterChain.internalDoFilter(ApplicationFilterChain.java:193)
2023-07-27 10:33:03.024 [http-nio-8080-exec-6] ERROR c.b.s.c.a.ExceptionAdvice - [handleException,29] - org.apache.catalina.core.ApplicationFilterChain.doFilter(ApplicationFilterChain.java:166)
2023-07-27 10:33:03.024 [http-nio-8080-exec-6] ERROR c.b.s.c.a.ExceptionAdvice - [handleException,29] - org.apache.catalina.core.StandardWrapperValve.invoke(StandardWrapperValve.java:202)
2023-07-27 10:33:03.024 [http-nio-8080-exec-6] ERROR c.b.s.c.a.ExceptionAdvice - [handleException,29] - org.apache.catalina.core.StandardContextValve.invoke(StandardContextValve.java:97)
2023-07-27 10:33:03.025 [http-nio-8080-exec-6] ERROR c.b.s.c.a.ExceptionAdvice - [handleException,29] - org.apache.catalina.authenticator.AuthenticatorBase.invoke(AuthenticatorBase.java:542)
2023-07-27 10:33:03.025 [http-nio-8080-exec-6] ERROR c.b.s.c.a.ExceptionAdvice - [handleException,29] - org.apache.catalina.core.StandardHostValve.invoke(StandardHostValve.java:143)
2023-07-27 10:33:03.025 [http-nio-8080-exec-6] ERROR c.b.s.c.a.ExceptionAdvice - [handleException,29] - org.apache.catalina.valves.ErrorReportValve.invoke(ErrorReportValve.java:92)
2023-07-27 10:33:03.025 [http-nio-8080-exec-6] ERROR c.b.s.c.a.ExceptionAdvice - [handleException,29] - org.apache.catalina.core.StandardEngineValve.invoke(StandardEngineValve.java:78)
2023-07-27 10:33:03.026 [http-nio-8080-exec-6] ERROR c.b.s.c.a.ExceptionAdvice - [handleException,29] - org.apache.catalina.connector.CoyoteAdapter.service(CoyoteAdapter.java:343)
2023-07-27 10:33:03.026 [http-nio-8080-exec-6] ERROR c.b.s.c.a.ExceptionAdvice - [handleException,29] - org.apache.coyote.http11.Http11Processor.service(Http11Processor.java:374)
2023-07-27 10:33:03.026 [http-nio-8080-exec-6] ERROR c.b.s.c.a.ExceptionAdvice - [handleException,29] - org.apache.coyote.AbstractProcessorLight.process(AbstractProcessorLight.java:65)
2023-07-27 10:33:03.026 [http-nio-8080-exec-6] ERROR c.b.s.c.a.ExceptionAdvice - [handleException,29] - org.apache.coyote.AbstractProtocol$ConnectionHandler.process(AbstractProtocol.java:888)
2023-07-27 10:33:03.026 [http-nio-8080-exec-6] ERROR c.b.s.c.a.ExceptionAdvice - [handleException,29] - org.apache.tomcat.util.net.NioEndpoint$SocketProcessor.doRun(NioEndpoint.java:1597)
2023-07-27 10:33:03.026 [http-nio-8080-exec-6] ERROR c.b.s.c.a.ExceptionAdvice - [handleException,29] - org.apache.tomcat.util.net.SocketProcessorBase.run(SocketProcessorBase.java:49)
2023-07-27 10:33:03.027 [http-nio-8080-exec-6] ERROR c.b.s.c.a.ExceptionAdvice - [handleException,29] - java.util.concurrent.ThreadPoolExecutor.runWorker(ThreadPoolExecutor.java:1149)
2023-07-27 10:33:03.027 [http-nio-8080-exec-6] ERROR c.b.s.c.a.ExceptionAdvice - [handleException,29] - java.util.concurrent.ThreadPoolExecutor$Worker.run(ThreadPoolExecutor.java:624)
2023-07-27 10:33:03.027 [http-nio-8080-exec-6] ERROR c.b.s.c.a.ExceptionAdvice - [handleException,29] - org.apache.tomcat.util.threads.TaskThread$WrappingRunnable.run(TaskThread.java:61)
2023-07-27 10:33:03.027 [http-nio-8080-exec-6] ERROR c.b.s.c.a.ExceptionAdvice - [handleException,29] - java.lang.Thread.run(Thread.java:750)
